\BOOKMARK [1][-]{section.1}{\376\377\000L\000i\000s\000t\000a\000d\000o\000\040\000d\000e\000\040\000F\000i\000g\000u\000r\000a\000s}{}% 1
\BOOKMARK [1][-]{section.2}{\376\377\000L\000i\000s\000t\000a\000d\000o\000\040\000d\000e\000\040\000T\000a\000b\000l\000a\000s}{}% 2
\BOOKMARK [1][-]{section.3}{\376\377\000D\000e\000s\000c\000r\000i\000p\000c\000i\000\363\000n\000\040\000d\000e\000l\000\040\000D\000o\000c\000u\000m\000e\000n\000t\000o}{}% 3
\BOOKMARK [2][-]{subsection.3.1}{\376\377\000P\000r\000o\000p\000\363\000s\000i\000t\000o\000\040\000y\000\040\000A\000u\000d\000i\000e\000n\000c\000i\000a}{section.3}% 4
\BOOKMARK [2][-]{subsection.3.2}{\376\377\000O\000r\000g\000a\000n\000i\000z\000a\000c\000i\000\363\000n\000\040\000d\000e\000l\000\040\000D\000o\000c\000u\000m\000e\000n\000t\000o}{section.3}% 5
\BOOKMARK [2][-]{subsection.3.3}{\376\377\000C\000o\000n\000v\000e\000n\000c\000i\000o\000n\000e\000s}{section.3}% 6
\BOOKMARK [2][-]{subsection.3.4}{\376\377\000T\000e\000r\000m\000i\000n\000o\000l\000o\000g\000\355\000a\000\040\000y\000\040\000D\000e\000f\000i\000n\000i\000c\000i\000o\000n\000e\000s}{section.3}% 7
\BOOKMARK [1][-]{section.4}{\376\377\000G\000e\000n\000e\000r\000a\000l\000i\000d\000a\000d\000e\000s\000\040\000d\000e\000l\000\040\000p\000r\000o\000y\000e\000c\000t\000o}{}% 8
\BOOKMARK [2][-]{subsection.4.1}{\376\377\000P\000r\000o\000b\000l\000e\000m\000a\000\040\000p\000o\000r\000\040\000r\000e\000s\000o\000l\000v\000e\000r}{section.4}% 9
\BOOKMARK [2][-]{subsection.4.2}{\376\377\000D\000e\000s\000c\000r\000i\000p\000c\000i\000\363\000n\000\040\000g\000e\000n\000e\000r\000a\000l\000\040\000d\000e\000l\000\040\000s\000i\000s\000t\000e\000m\000a\000\040\000a\000\040\000d\000e\000s\000a\000r\000r\000o\000l\000l\000a\000r}{section.4}% 10
\BOOKMARK [2][-]{subsection.4.3}{\376\377\000O\000b\000j\000e\000t\000i\000v\000o\000s\000\040\000d\000e\000\040\000l\000a\000\040\000s\000o\000l\000u\000c\000i\000\363\000n}{section.4}% 11
\BOOKMARK [3][-]{subsubsection.4.3.1}{\376\377\000O\000b\000j\000e\000t\000i\000v\000o\000\040\000g\000e\000n\000e\000r\000a\000l}{subsection.4.3}% 12
\BOOKMARK [3][-]{subsubsection.4.3.2}{\376\377\000O\000b\000j\000e\000t\000i\000v\000o\000s\000\040\000e\000s\000p\000e\000c\000\355\000f\000i\000c\000o\000s}{subsection.4.3}% 13
\BOOKMARK [2][-]{subsection.4.4}{\376\377\000S\000t\000a\000k\000e\000h\000o\000l\000d\000e\000r\000s}{section.4}% 14
\BOOKMARK [1][-]{section.5}{\376\377\000D\000e\000s\000c\000r\000i\000p\000c\000i\000\363\000n\000\040\000y\000\040\000j\000u\000s\000t\000i\000f\000i\000c\000a\000c\000i\000\363\000n\000\040\000d\000e\000\040\000l\000a\000\040\000m\000e\000t\000o\000d\000o\000l\000o\000g\000\355\000a}{}% 15
\BOOKMARK [2][-]{subsection.5.1}{\376\377\000S\000c\000r\000u\000m}{section.5}% 16
\BOOKMARK [3][-]{subsubsection.5.1.1}{\376\377\000R\000o\000l\000e\000s\000\040\000e\000n\000\040\000S\000c\000r\000u\000m\000\040\000a\000p\000l\000i\000c\000a\000d\000o\000s\000\040\000a\000l\000\040\000p\000r\000o\000y\000e\000c\000t\000o}{subsection.5.1}% 17
\BOOKMARK [2][-]{subsection.5.2}{\376\377\000J\000u\000s\000t\000i\000f\000i\000c\000a\000c\000i\000\363\000n\000\040\000d\000e\000\040\000s\000u\000\040\000u\000s\000o\000\040\000e\000n\000\040\000e\000s\000t\000e\000\040\000p\000r\000o\000y\000e\000c\000t\000o}{section.5}% 18
\BOOKMARK [1][-]{section.6}{\376\377\000E\000s\000p\000e\000c\000i\000f\000i\000c\000a\000c\000i\000\363\000n\000\040\000y\000\040\000R\000e\000c\000a\000b\000a\000c\000i\000\363\000n\000\040\000d\000e\000\040\000R\000e\000q\000u\000e\000r\000i\000m\000i\000e\000n\000t\000o\000s\000\040\000F\000u\000n\000c\000i\000o\000n\000a\000l\000e\000s}{}% 19
\BOOKMARK [1][-]{section.7}{\376\377\000M\000o\000t\000i\000v\000a\000d\000o\000r\000e\000s\000\040\000A\000r\000q\000u\000i\000t\000e\000c\000t\000u\000r\000a\000l\000e\000s}{}% 20
\BOOKMARK [2][-]{subsection.7.1}{\376\377\000M\000o\000t\000i\000v\000a\000d\000o\000r\000e\000s\000\040\000d\000e\000\040\000N\000e\000g\000o\000c\000i\000o}{section.7}% 21
\BOOKMARK [3][-]{subsubsection.7.1.1}{\376\377\000E\000x\000p\000a\000n\000s\000i\000\363\000n\000\040\000i\000n\000t\000e\000r\000n\000a\000c\000i\000o\000n\000a\000l\000\040\000d\000e\000l\000\040\000n\000e\000g\000o\000c\000i\000o}{subsection.7.1}% 22
\BOOKMARK [3][-]{subsubsection.7.1.2}{\376\377\000A\000u\000t\000o\000m\000a\000t\000i\000z\000a\000c\000i\000\363\000n\000\040\000d\000e\000\040\000p\000r\000o\000c\000e\000s\000o\000s\000\040\000c\000l\000a\000v\000e}{subsection.7.1}% 23
\BOOKMARK [3][-]{subsubsection.7.1.3}{\376\377\000M\000e\000j\000o\000r\000a\000\040\000e\000n\000\040\000l\000a\000\040\000a\000t\000e\000n\000c\000i\000\363\000n\000\040\000a\000l\000\040\000c\000l\000i\000e\000n\000t\000e\000\040\000y\000\040\000s\000o\000p\000o\000r\000t\000e\000\040\000t\000\351\000c\000n\000i\000c}{subsection.7.1}% 24
\BOOKMARK [3][-]{subsubsection.7.1.4}{\376\377\000G\000e\000s\000t\000i\000\363\000n\000\040\000y\000\040\000s\000e\000g\000m\000e\000n\000t\000a\000c\000i\000\363\000n\000\040\000d\000e\000\040\000d\000i\000s\000t\000r\000i\000b\000u\000i\000d\000o\000r\000e\000s}{subsection.7.1}% 25
\BOOKMARK [3][-]{subsubsection.7.1.5}{\376\377\000F\000l\000e\000x\000i\000b\000i\000l\000i\000d\000a\000d\000\040\000e\000n\000\040\000m\000\351\000t\000o\000d\000o\000s\000\040\000d\000e\000\040\000p\000a\000g\000o}{subsection.7.1}% 26
\BOOKMARK [2][-]{subsection.7.2}{\376\377\000R\000e\000s\000t\000r\000i\000c\000c\000i\000o\000n\000e\000s\000\040\000d\000e\000\040\000T\000e\000c\000n\000o\000l\000o\000g\000\355\000a}{section.7}% 27
\BOOKMARK [3][-]{subsubsection.7.2.1}{\376\377\000F\000r\000o\000n\000t\000e\000n\000d}{subsection.7.2}% 28
\BOOKMARK [3][-]{subsubsection.7.2.2}{\376\377\000B\000a\000c\000k\000e\000n\000d}{subsection.7.2}% 29
\BOOKMARK [3][-]{subsubsection.7.2.3}{\376\377\000B\000a\000s\000e\000\040\000d\000e\000\040\000d\000a\000t\000o\000s}{subsection.7.2}% 30
\BOOKMARK [3][-]{subsubsection.7.2.4}{\376\377\000C\000o\000n\000t\000r\000o\000l\000\040\000d\000e\000\040\000v\000e\000r\000s\000i\000o\000n\000e\000s\000\040\000y\000\040\000c\000o\000l\000a\000b\000o\000r\000a\000c\000i\000\363\000n}{subsection.7.2}% 31
\BOOKMARK [2][-]{subsection.7.3}{\376\377\000R\000e\000s\000t\000r\000i\000c\000c\000i\000o\000n\000e\000s\000\040\000d\000e\000\040\000N\000e\000g\000o\000c\000i\000o}{section.7}% 32
\BOOKMARK [3][-]{subsubsection.7.3.1}{\376\377\000P\000o\000l\000\355\000t\000i\000c\000a\000s\000\040\000d\000e\000\040\000m\000a\000n\000e\000j\000o\000\040\000d\000e\000\040\000c\000u\000e\000n\000t\000a\000s\000\040}{subsection.7.3}% 33
\BOOKMARK [3][-]{subsubsection.7.3.2}{\376\377\000M\000a\000n\000e\000j\000o\000\040\000d\000e\000\040\000d\000o\000m\000i\000n\000i\000o\000s\000\040\000b\000a\000s\000a\000d\000o\000\040\000e\000n\000\040\000d\000i\000s\000p\000o\000n\000i\000b\000i\000l\000i\000d\000a\000d\000\040\000e\000x\000t\000e\000r\000n\000a\000\040}{subsection.7.3}% 34
\BOOKMARK [2][-]{subsection.7.4}{\376\377\000A\000t\000r\000i\000b\000u\000t\000o\000s\000\040\000d\000e\000\040\000C\000a\000l\000i\000d\000a\000d}{section.7}% 35
\BOOKMARK [3][-]{subsubsection.7.4.1}{\376\377\000D\000i\000s\000p\000o\000n\000i\000b\000i\000l\000i\000d\000a\000d}{subsection.7.4}% 36
\BOOKMARK [3][-]{subsubsection.7.4.2}{\376\377\000S\000e\000g\000u\000r\000i\000d\000a\000d}{subsection.7.4}% 37
\BOOKMARK [3][-]{subsubsection.7.4.3}{\376\377\000R\000e\000n\000d\000i\000m\000i\000e\000n\000t\000o}{subsection.7.4}% 38
\BOOKMARK [3][-]{subsubsection.7.4.4}{\376\377\000E\000s\000c\000a\000l\000a\000b\000i\000l\000i\000d\000a\000d}{subsection.7.4}% 39
\BOOKMARK [3][-]{subsubsection.7.4.5}{\376\377\000M\000a\000n\000t\000e\000n\000i\000b\000i\000l\000i\000d\000a\000d}{subsection.7.4}% 40
\BOOKMARK [3][-]{subsubsection.7.4.6}{\376\377\000U\000s\000a\000b\000i\000l\000i\000d\000a\000d}{subsection.7.4}% 41
\BOOKMARK [3][-]{subsubsection.7.4.7}{\376\377\000I\000n\000t\000e\000r\000o\000p\000e\000r\000a\000b\000i\000l\000i\000d\000a\000d}{subsection.7.4}% 42
\BOOKMARK [3][-]{subsubsection.7.4.8}{\376\377\000R\000e\000c\000a\000b\000a\000c\000i\000\363\000n\000\040\000y\000\040\000j\000u\000s\000t\000i\000f\000i\000c\000a\000c\000i\000\363\000\040\000d\000e\000\040\000R\000e\000q\000u\000e\000r\000i\000m\000i\000e\000n\000t\000o\000s\000\040\000N\000o\000\040\000F\000u\000n\000c\000i\000o\000n\000a\000l\000e\000s}{subsection.7.4}% 43
\BOOKMARK [3][-]{subsubsection.7.4.9}{\376\377\000E\000s\000c\000e\000n\000a\000r\000i\000o\000s\000\040\000d\000e\000\040\000C\000a\000l\000i\000d\000a\000d}{subsection.7.4}% 44
\BOOKMARK [1][-]{section.8}{\376\377\000C\000o\000n\000t\000e\000x\000t\000o}{}% 45
\BOOKMARK [2][-]{subsection.8.1}{\376\377\000E\000s\000c\000e\000n\000a\000r\000i\000o\000s\000\040\000o\000p\000e\000r\000a\000c\000i\000o\000n\000a\000l\000e\000s}{section.8}% 46
\BOOKMARK [3][-]{subsubsection.8.1.1}{\376\377\000E\000s\000c\000e\000n\000a\000r\000i\000o\000\040\0001\000:\000\040\000R\000e\000g\000i\000s\000t\000r\000o\000\040\000y\000\040\000v\000e\000r\000i\000f\000i\000c\000a\000c\000i\000\363\000n\000\040\000d\000e\000\040\000c\000u\000e\000n\000t\000a}{subsection.8.1}% 47
\BOOKMARK [3][-]{subsubsection.8.1.2}{\376\377\000E\000s\000c\000e\000n\000a\000r\000i\000o\000\040\0002\000:\000\040\000C\000o\000m\000p\000r\000a\000\040\000d\000e\000\040\000u\000n\000\040\000p\000a\000q\000u\000e\000t\000e\000\040\000d\000e\000\040\000h\000o\000s\000t\000i\000n\000g}{subsection.8.1}% 48
\BOOKMARK [3][-]{subsubsection.8.1.3}{\376\377\000E\000s\000c\000e\000n\000a\000r\000i\000o\000\040\0003\000:\000\040\000R\000e\000g\000i\000s\000t\000r\000o\000\040\000d\000e\000\040\000s\000o\000l\000i\000c\000i\000t\000u\000d\000\040\000d\000e\000\040\000d\000o\000m\000i\000n\000i\000o}{subsection.8.1}% 49
\BOOKMARK [3][-]{subsubsection.8.1.4}{\376\377\000E\000s\000c\000e\000n\000a\000r\000i\000o\000\040\0004\000:\000\040\000A\000t\000e\000n\000c\000i\000\363\000n\000\040\000d\000e\000\040\000t\000i\000c\000k\000e\000t\000\040\000d\000e\000\040\000s\000o\000p\000o\000r\000t\000e}{subsection.8.1}% 50
\BOOKMARK [3][-]{subsubsection.8.1.5}{\376\377\000E\000s\000c\000e\000n\000a\000r\000i\000o\000\040\0005\000:\000\040\000G\000e\000s\000t\000i\000\363\000n\000\040\000a\000d\000m\000i\000n\000i\000s\000t\000r\000a\000t\000i\000v\000a\000\040\000d\000e\000\040\000u\000s\000u\000a\000r\000i\000o\000s}{subsection.8.1}% 51
\BOOKMARK [3][-]{subsubsection.8.1.6}{\376\377\000E\000s\000c\000e\000n\000a\000r\000i\000o\000\040\0006\000:\000\040\000C\000\341\000l\000c\000u\000l\000o\000\040\000y\000\040\000p\000a\000g\000o\000\040\000d\000e\000\040\000c\000o\000m\000i\000s\000i\000o\000n\000e\000s}{subsection.8.1}% 52
\BOOKMARK [3][-]{subsubsection.8.1.7}{\376\377\000E\000s\000c\000e\000n\000a\000r\000i\000o\000\040\0007\000:\000\040\000C\000o\000n\000s\000u\000l\000t\000a\000\040\000d\000e\000\040\000p\000e\000r\000f\000i\000l\000\040\000p\000e\000r\000s\000o\000n\000a\000l}{subsection.8.1}% 53
\BOOKMARK [3][-]{subsubsection.8.1.8}{\376\377\000E\000s\000c\000e\000n\000a\000r\000i\000o\000\040\0008\000:\000\040\000T\000r\000a\000n\000s\000f\000e\000r\000e\000n\000c\000i\000a\000\040\000d\000e\000\040\000d\000o\000m\000i\000n\000i\000o\000\040\000v\000\355\000a\000\040\000c\000o\000r\000r\000e\000o}{subsection.8.1}% 54
\BOOKMARK [2][-]{subsection.8.2}{\376\377\000C\000a\000s\000o\000s\000\040\000d\000e\000\040\000U\000s\000o\000:\000\040\000D\000e\000s\000c\000r\000i\000p\000c\000i\000\363\000n\000\040\000y\000\040\000M\000o\000d\000e\000l\000o}{section.8}% 55
\BOOKMARK [3][-]{subsubsection.8.2.1}{\376\377\000R\000e\000s\000u\000m\000e\000n\000\040\000D\000e\000\040\000C\000a\000s\000o\000s\000\040\000D\000e\000\040\000U\000s\000o}{subsection.8.2}% 56
\BOOKMARK [1][-]{section.9}{\376\377\000D\000e\000s\000c\000r\000i\000p\000c\000i\000\363\000n\000\040\000y\000\040\000j\000u\000s\000t\000i\000f\000i\000c\000a\000c\000i\000\363\000n\000\040\000d\000e\000\040\000p\000a\000t\000r\000o\000n\000e\000s\000\040\000d\000e\000\040\000d\000i\000s\000e\000\361\000o\000\040\000a\000d\000o\000p\000t\000a\000d\000o\000s\000\040\000y\000\040\000a\000r\000q\000u\000i\000t\000e\000c\000t\000u\000r\000a\000\040\000d\000e\000\040\000s\000o\000f\000t\000w\000a\000r\000e\000\040\000d\000e\000f\000i\000n\000i\000d\000a\000.}{}% 57
\BOOKMARK [1][-]{section.10}{\376\377\000P\000u\000n\000t\000o\000s\000\040\000d\000e\000\040\000V\000i\000s\000t\000a\000\040\000y\000\040\000M\000o\000d\000e\000l\000o\000s\000\040\000A\000r\000q\000u\000i\000t\000e\000c\000t\000u\000r\000a\000l\000e\000s}{}% 58
\BOOKMARK [2][-]{subsection.10.1}{\376\377\000P\000u\000n\000t\000o\000\040\000d\000e\000\040\000V\000i\000s\000t\000a\000:\000\040\000D\000e\000s\000c\000r\000i\000p\000c\000i\000\363\000n\000\040\000d\000e\000l\000\040\000p\000r\000o\000b\000l\000e\000m\000a\000.}{section.10}% 59
\BOOKMARK [3][-]{subsubsection.10.1.1}{\376\377\000P\000u\000n\000t\000o\000\040\000d\000e\000\040\000V\000i\000s\000t\000a\000:\000\040\000C\000o\000n\000t\000e\000x\000t\000o\000\040\000d\000e\000\040\000l\000a\000\040\000s\000o\000l\000u\000c\000i\000\363\000n}{subsection.10.1}% 60
\BOOKMARK [2][-]{subsection.10.2}{\376\377\000P\000u\000n\000t\000o\000\040\000d\000e\000\040\000V\000i\000s\000t\000a\000:\000\040\000I\000n\000t\000e\000r\000a\000c\000c\000i\000\363\000n}{section.10}% 61
\BOOKMARK [3][-]{subsubsection.10.2.1}{\376\377\000D\000i\000a\000g\000r\000a\000m\000a\000\040\000d\000e\000\040\000C\000a\000s\000o\000s\000\040\000d\000e\000\040\000U\000s\000o}{subsection.10.2}% 62
\BOOKMARK [3][-]{subsubsection.10.2.2}{\376\377\000D\000i\000a\000g\000r\000a\000m\000a\000s\000\040\000d\000e\000\040\000S\000e\000c\000u\000e\000n\000c\000i\000a}{subsection.10.2}% 63
\BOOKMARK [2][-]{subsection.10.3}{\376\377\000P\000u\000n\000t\000o\000\040\000d\000e\000\040\000V\000i\000s\000t\000a\000:\000\040\000D\000e\000s\000a\000r\000r\000o\000l\000l\000o}{section.10}% 64
\BOOKMARK [2][-]{subsection.10.4}{\376\377\000P\000u\000n\000t\000o\000\040\000d\000e\000\040\000V\000i\000s\000t\000a\000:\000\040\000M\000o\000d\000e\000l\000o\000\040\000R\000e\000l\000a\000c\000i\000o\000n\000a\000l\000\040\000d\000e\000\040\000l\000a\000\040\000B\000B\000D\000D}{section.10}% 65
\BOOKMARK [1][-]{section.11}{\376\377\000F\000i\000r\000m\000a\000s\000\040\000d\000e\000\040\000a\000c\000e\000p\000t\000a\000c\000i\000\363\000n\000\040\000c\000o\000n\000\040\000f\000e\000c\000h\000a\000\040\000\050\000D\000D\000/\000M\000M\000/\000A\000A\000A\000A\000\051}{}% 66
