This is pdfTeX, Version 3.141592653-2.6-1.40.25 (TeX Live 2023/Debian) (preloaded format=pdflatex 2025.8.5)  7 AUG 2025 19:24
entering extended mode
 restricted \write18 enabled.
 %&-line parsing enabled.
**manusuempleados.tex
(./manusuempleados.tex
LaTeX2e <2023-11-01> patch level 1
L3 programming layer <2024-01-22>
(/usr/share/texlive/texmf-dist/tex/latex/base/article.cls
Document Class: article 2023/05/17 v1.4n Standard LaTeX document class
(/usr/share/texlive/texmf-dist/tex/latex/base/size12.clo
File: size12.clo 2023/05/17 v1.4n Standard LaTeX file (size option)
)
\c@part=\count187
\c@section=\count188
\c@subsection=\count189
\c@subsubsection=\count190
\c@paragraph=\count191
\c@subparagraph=\count192
\c@figure=\count193
\c@table=\count194
\abovecaptionskip=\skip48
\belowcaptionskip=\skip49
\bibindent=\dimen140
)
(/usr/share/texlive/texmf-dist/tex/latex/base/inputenc.sty
Package: inputenc 2021/02/14 v1.3d Input encoding file
\inpenc@prehook=\toks17
\inpenc@posthook=\toks18
)
(/usr/share/texlive/texmf-dist/tex/generic/babel/babel.sty
Package: babel 2024/01/07 v24.1 The Babel package
\babel@savecnt=\count195
\U@D=\dimen141
\l@unhyphenated=\language9

(/usr/share/texlive/texmf-dist/tex/generic/babel/txtbabel.def)
\bbl@readstream=\read2
\bbl@dirlevel=\count196

(/usr/share/texlive/texmf-dist/tex/generic/babel/locale/es/babel-spanish.tex)
Package babel Info: Importing data for spanish
(babel)             from babel-es.ini. Reported on input line 4318.
Package babel Info: Hyphen rules for 'spanish' set to \l@english
(babel)             (\language0). Reported on input line 4318.
)
(/usr/share/texlive/texmf-dist/tex/latex/amsmath/amsmath.sty
Package: amsmath 2023/05/13 v2.17o AMS math features
\@mathmargin=\skip50

For additional information on amsmath, use the `?' option.
(/usr/share/texlive/texmf-dist/tex/latex/amsmath/amstext.sty
Package: amstext 2021/08/26 v2.01 AMS text

(/usr/share/texlive/texmf-dist/tex/latex/amsmath/amsgen.sty
File: amsgen.sty 1999/11/30 v2.0 generic functions
\@emptytoks=\toks19
\ex@=\dimen142
))
(/usr/share/texlive/texmf-dist/tex/latex/amsmath/amsbsy.sty
Package: amsbsy 1999/11/29 v1.2d Bold Symbols
\pmbraise@=\dimen143
)
(/usr/share/texlive/texmf-dist/tex/latex/amsmath/amsopn.sty
Package: amsopn 2022/04/08 v2.04 operator names
)
\inf@bad=\count197
LaTeX Info: Redefining \frac on input line 234.
\uproot@=\count198
\leftroot@=\count199
LaTeX Info: Redefining \overline on input line 399.
LaTeX Info: Redefining \colon on input line 410.
\classnum@=\count266
\DOTSCASE@=\count267
LaTeX Info: Redefining \ldots on input line 496.
LaTeX Info: Redefining \dots on input line 499.
LaTeX Info: Redefining \cdots on input line 620.
\Mathstrutbox@=\box51
\strutbox@=\box52
LaTeX Info: Redefining \big on input line 722.
LaTeX Info: Redefining \Big on input line 723.
LaTeX Info: Redefining \bigg on input line 724.
LaTeX Info: Redefining \Bigg on input line 725.
\big@size=\dimen144
LaTeX Font Info:    Redeclaring font encoding OML on input line 743.
LaTeX Font Info:    Redeclaring font encoding OMS on input line 744.
\macc@depth=\count268
LaTeX Info: Redefining \bmod on input line 905.
LaTeX Info: Redefining \pmod on input line 910.
LaTeX Info: Redefining \smash on input line 940.
LaTeX Info: Redefining \relbar on input line 970.
LaTeX Info: Redefining \Relbar on input line 971.
\c@MaxMatrixCols=\count269
\dotsspace@=\muskip16
\c@parentequation=\count270
\dspbrk@lvl=\count271
\tag@help=\toks20
\row@=\count272
\column@=\count273
\maxfields@=\count274
\andhelp@=\toks21
\eqnshift@=\dimen145
\alignsep@=\dimen146
\tagshift@=\dimen147
\tagwidth@=\dimen148
\totwidth@=\dimen149
\lineht@=\dimen150
\@envbody=\toks22
\multlinegap=\skip51
\multlinetaggap=\skip52
\mathdisplay@stack=\toks23
LaTeX Info: Redefining \[ on input line 2953.
LaTeX Info: Redefining \] on input line 2954.
)
(/usr/share/texlive/texmf-dist/tex/latex/amsfonts/amssymb.sty
Package: amssymb 2013/01/14 v3.01 AMS font symbols

(/usr/share/texlive/texmf-dist/tex/latex/amsfonts/amsfonts.sty
Package: amsfonts 2013/01/14 v3.01 Basic AMSFonts support
\symAMSa=\mathgroup4
\symAMSb=\mathgroup5
LaTeX Font Info:    Redeclaring math symbol \hbar on input line 98.
LaTeX Font Info:    Overwriting math alphabet `\mathfrak' in version `bold'
(Font)                  U/euf/m/n --> U/euf/b/n on input line 106.
))
(/usr/share/texlive/texmf-dist/tex/latex/graphics/graphicx.sty
Package: graphicx 2021/09/16 v1.2d Enhanced LaTeX Graphics (DPC,SPQR)

(/usr/share/texlive/texmf-dist/tex/latex/graphics/keyval.sty
Package: keyval 2022/05/29 v1.15 key=value parser (DPC)
\KV@toks@=\toks24
)
(/usr/share/texlive/texmf-dist/tex/latex/graphics/graphics.sty
Package: graphics 2022/03/10 v1.4e Standard LaTeX Graphics (DPC,SPQR)

(/usr/share/texlive/texmf-dist/tex/latex/graphics/trig.sty
Package: trig 2021/08/11 v1.11 sin cos tan (DPC)
)
(/usr/share/texlive/texmf-dist/tex/latex/graphics-cfg/graphics.cfg
File: graphics.cfg 2016/06/04 v1.11 sample graphics configuration
)
Package graphics Info: Driver file: pdftex.def on input line 107.

(/usr/share/texlive/texmf-dist/tex/latex/graphics-def/pdftex.def
File: pdftex.def 2022/09/22 v1.2b Graphics/color driver for pdftex
))
\Gin@req@height=\dimen151
\Gin@req@width=\dimen152
)
(/usr/share/texlive/texmf-dist/tex/latex/hyperref/hyperref.sty
Package: hyperref 2024-01-20 v7.01h Hypertext links for LaTeX

(/usr/share/texlive/texmf-dist/tex/generic/iftex/iftex.sty
Package: iftex 2022/02/03 v1.0f TeX engine tests
)
(/usr/share/texlive/texmf-dist/tex/latex/kvsetkeys/kvsetkeys.sty
Package: kvsetkeys 2022-10-05 v1.19 Key value parser (HO)
)
(/usr/share/texlive/texmf-dist/tex/generic/kvdefinekeys/kvdefinekeys.sty
Package: kvdefinekeys 2019-12-19 v1.6 Define keys (HO)
)
(/usr/share/texlive/texmf-dist/tex/generic/pdfescape/pdfescape.sty
Package: pdfescape 2019/12/09 v1.15 Implements pdfTeX's escape features (HO)

(/usr/share/texlive/texmf-dist/tex/generic/ltxcmds/ltxcmds.sty
Package: ltxcmds 2023-12-04 v1.26 LaTeX kernel commands for general use (HO)
)
(/usr/share/texlive/texmf-dist/tex/generic/pdftexcmds/pdftexcmds.sty
Package: pdftexcmds 2020-06-27 v0.33 Utility functions of pdfTeX for LuaTeX (HO
)

(/usr/share/texlive/texmf-dist/tex/generic/infwarerr/infwarerr.sty
Package: infwarerr 2019/12/03 v1.5 Providing info/warning/error messages (HO)
)
Package pdftexcmds Info: \pdf@primitive is available.
Package pdftexcmds Info: \pdf@ifprimitive is available.
Package pdftexcmds Info: \pdfdraftmode found.
))
(/usr/share/texlive/texmf-dist/tex/latex/hycolor/hycolor.sty
Package: hycolor 2020-01-27 v1.10 Color options for hyperref/bookmark (HO)
)
(/usr/share/texlive/texmf-dist/tex/latex/auxhook/auxhook.sty
Package: auxhook 2019-12-17 v1.6 Hooks for auxiliary files (HO)
)
(/usr/share/texlive/texmf-dist/tex/latex/hyperref/nameref.sty
Package: nameref 2023-11-26 v2.56 Cross-referencing by name of section

(/usr/share/texlive/texmf-dist/tex/latex/refcount/refcount.sty
Package: refcount 2019/12/15 v3.6 Data extraction from label references (HO)
)
(/usr/share/texlive/texmf-dist/tex/generic/gettitlestring/gettitlestring.sty
Package: gettitlestring 2019/12/15 v1.6 Cleanup title references (HO)

(/usr/share/texlive/texmf-dist/tex/latex/kvoptions/kvoptions.sty
Package: kvoptions 2022-06-15 v3.15 Key value format for package options (HO)
))
\c@section@level=\count275
)
(/usr/share/texlive/texmf-dist/tex/latex/etoolbox/etoolbox.sty
Package: etoolbox 2020/10/05 v2.5k e-TeX tools for LaTeX (JAW)
\etb@tempcnta=\count276
)
\@linkdim=\dimen153
\Hy@linkcounter=\count277
\Hy@pagecounter=\count278

(/usr/share/texlive/texmf-dist/tex/latex/hyperref/pd1enc.def
File: pd1enc.def 2024-01-20 v7.01h Hyperref: PDFDocEncoding definition (HO)
Now handling font encoding PD1 ...
... no UTF-8 mapping file for font encoding PD1
)
(/usr/share/texlive/texmf-dist/tex/generic/intcalc/intcalc.sty
Package: intcalc 2019/12/15 v1.3 Expandable calculations with integers (HO)
)
\Hy@SavedSpaceFactor=\count279

(/usr/share/texlive/texmf-dist/tex/latex/hyperref/puenc.def
File: puenc.def 2024-01-20 v7.01h Hyperref: PDF Unicode definition (HO)
Now handling font encoding PU ...
... no UTF-8 mapping file for font encoding PU
)
Package hyperref Info: Hyper figures OFF on input line 4179.
Package hyperref Info: Link nesting OFF on input line 4184.
Package hyperref Info: Hyper index ON on input line 4187.
Package hyperref Info: Plain pages OFF on input line 4194.
Package hyperref Info: Backreferencing OFF on input line 4199.
Package hyperref Info: Implicit mode ON; LaTeX internals redefined.
Package hyperref Info: Bookmarks ON on input line 4446.
\c@Hy@tempcnt=\count280

(/usr/share/texlive/texmf-dist/tex/latex/url/url.sty
\Urlmuskip=\muskip17
Package: url 2013/09/16  ver 3.4  Verb mode for urls, etc.
)
LaTeX Info: Redefining \url on input line 4784.
\XeTeXLinkMargin=\dimen154

(/usr/share/texlive/texmf-dist/tex/generic/bitset/bitset.sty
Package: bitset 2019/12/09 v1.3 Handle bit-vector datatype (HO)

(/usr/share/texlive/texmf-dist/tex/generic/bigintcalc/bigintcalc.sty
Package: bigintcalc 2019/12/15 v1.5 Expandable calculations on big integers (HO
)
))
\Fld@menulength=\count281
\Field@Width=\dimen155
\Fld@charsize=\dimen156
Package hyperref Info: Hyper figures OFF on input line 6063.
Package hyperref Info: Link nesting OFF on input line 6068.
Package hyperref Info: Hyper index ON on input line 6071.
Package hyperref Info: backreferencing OFF on input line 6078.
Package hyperref Info: Link coloring OFF on input line 6083.
Package hyperref Info: Link coloring with OCG OFF on input line 6088.
Package hyperref Info: PDF/A mode OFF on input line 6093.

(/usr/share/texlive/texmf-dist/tex/latex/base/atbegshi-ltx.sty
Package: atbegshi-ltx 2021/01/10 v1.0c Emulation of the original atbegshi
package with kernel methods
)
\Hy@abspage=\count282
\c@Item=\count283
\c@Hfootnote=\count284
)
Package hyperref Info: Driver (autodetected): hpdftex.

(/usr/share/texlive/texmf-dist/tex/latex/hyperref/hpdftex.def
File: hpdftex.def 2024-01-20 v7.01h Hyperref driver for pdfTeX

(/usr/share/texlive/texmf-dist/tex/latex/base/atveryend-ltx.sty
Package: atveryend-ltx 2020/08/19 v1.0a Emulation of the original atveryend pac
kage
with kernel methods
)
\Fld@listcount=\count285
\c@bookmark@seq@number=\count286

(/usr/share/texlive/texmf-dist/tex/latex/rerunfilecheck/rerunfilecheck.sty
Package: rerunfilecheck 2022-07-10 v1.10 Rerun checks for auxiliary files (HO)

(/usr/share/texlive/texmf-dist/tex/generic/uniquecounter/uniquecounter.sty
Package: uniquecounter 2019/12/15 v1.4 Provide unlimited unique counter (HO)
)
Package uniquecounter Info: New unique counter `rerunfilecheck' on input line 2
85.
)
\Hy@SectionHShift=\skip53
)
(/usr/share/texlive/texmf-dist/tex/latex/listings/listings.sty
\lst@mode=\count287
\lst@gtempboxa=\box53
\lst@token=\toks25
\lst@length=\count288
\lst@currlwidth=\dimen157
\lst@column=\count289
\lst@pos=\count290
\lst@lostspace=\dimen158
\lst@width=\dimen159
\lst@newlines=\count291
\lst@lineno=\count292
\lst@maxwidth=\dimen160

(/usr/share/texlive/texmf-dist/tex/latex/listings/lstmisc.sty
File: lstmisc.sty 2023/02/27 1.9 (Carsten Heinz)
\c@lstnumber=\count293
\lst@skipnumbers=\count294
\lst@framebox=\box54
)
(/usr/share/texlive/texmf-dist/tex/latex/listings/listings.cfg
File: listings.cfg 2023/02/27 1.9 listings configuration
))
Package: listings 2023/02/27 1.9 (Carsten Heinz)

(/usr/share/texlive/texmf-dist/tex/latex/tcolorbox/tcolorbox.sty
Package: tcolorbox 2024/01/10 version 6.2.0 text color boxes

(/usr/share/texlive/texmf-dist/tex/latex/pgf/basiclayer/pgf.sty
(/usr/share/texlive/texmf-dist/tex/latex/pgf/utilities/pgfrcs.sty
(/usr/share/texlive/texmf-dist/tex/generic/pgf/utilities/pgfutil-common.tex
\pgfutil@everybye=\toks26
\pgfutil@tempdima=\dimen161
\pgfutil@tempdimb=\dimen162
)
(/usr/share/texlive/texmf-dist/tex/generic/pgf/utilities/pgfutil-latex.def
\pgfutil@abb=\box55
)
(/usr/share/texlive/texmf-dist/tex/generic/pgf/utilities/pgfrcs.code.tex
(/usr/share/texlive/texmf-dist/tex/generic/pgf/pgf.revision.tex)
Package: pgfrcs 2023-01-15 v3.1.10 (3.1.10)
))
Package: pgf 2023-01-15 v3.1.10 (3.1.10)

(/usr/share/texlive/texmf-dist/tex/latex/pgf/basiclayer/pgfcore.sty
(/usr/share/texlive/texmf-dist/tex/latex/pgf/systemlayer/pgfsys.sty
(/usr/share/texlive/texmf-dist/tex/generic/pgf/systemlayer/pgfsys.code.tex
Package: pgfsys 2023-01-15 v3.1.10 (3.1.10)

(/usr/share/texlive/texmf-dist/tex/generic/pgf/utilities/pgfkeys.code.tex
\pgfkeys@pathtoks=\toks27
\pgfkeys@temptoks=\toks28

(/usr/share/texlive/texmf-dist/tex/generic/pgf/utilities/pgfkeyslibraryfiltered
.code.tex
\pgfkeys@tmptoks=\toks29
))
\pgf@x=\dimen163
\pgf@y=\dimen164
\pgf@xa=\dimen165
\pgf@ya=\dimen166
\pgf@xb=\dimen167
\pgf@yb=\dimen168
\pgf@xc=\dimen169
\pgf@yc=\dimen170
\pgf@xd=\dimen171
\pgf@yd=\dimen172
\w@pgf@writea=\write3
\r@pgf@reada=\read3
\c@pgf@counta=\count295
\c@pgf@countb=\count296
\c@pgf@countc=\count297
\c@pgf@countd=\count298
\t@pgf@toka=\toks30
\t@pgf@tokb=\toks31
\t@pgf@tokc=\toks32
\pgf@sys@id@count=\count299
 (/usr/share/texlive/texmf-dist/tex/generic/pgf/systemlayer/pgf.cfg
File: pgf.cfg 2023-01-15 v3.1.10 (3.1.10)
)
Driver file for pgf: pgfsys-pdftex.def
(/usr/share/texlive/texmf-dist/tex/generic/pgf/systemlayer/pgfsys-pdftex.def
File: pgfsys-pdftex.def 2023-01-15 v3.1.10 (3.1.10)

(/usr/share/texlive/texmf-dist/tex/generic/pgf/systemlayer/pgfsys-common-pdf.de
f
File: pgfsys-common-pdf.def 2023-01-15 v3.1.10 (3.1.10)
)))
(/usr/share/texlive/texmf-dist/tex/generic/pgf/systemlayer/pgfsyssoftpath.code.
tex
File: pgfsyssoftpath.code.tex 2023-01-15 v3.1.10 (3.1.10)
\pgfsyssoftpath@smallbuffer@items=\count300
\pgfsyssoftpath@bigbuffer@items=\count301
)
(/usr/share/texlive/texmf-dist/tex/generic/pgf/systemlayer/pgfsysprotocol.code.
tex
File: pgfsysprotocol.code.tex 2023-01-15 v3.1.10 (3.1.10)
)) (/usr/share/texlive/texmf-dist/tex/latex/xcolor/xcolor.sty
Package: xcolor 2023/11/15 v3.01 LaTeX color extensions (UK)

(/usr/share/texlive/texmf-dist/tex/latex/graphics-cfg/color.cfg
File: color.cfg 2016/01/02 v1.6 sample color configuration
)
Package xcolor Info: Driver file: pdftex.def on input line 274.

(/usr/share/texlive/texmf-dist/tex/latex/graphics/mathcolor.ltx)
Package xcolor Info: Model `cmy' substituted by `cmy0' on input line 1350.
Package xcolor Info: Model `hsb' substituted by `rgb' on input line 1354.
Package xcolor Info: Model `RGB' extended on input line 1366.
Package xcolor Info: Model `HTML' substituted by `rgb' on input line 1368.
Package xcolor Info: Model `Hsb' substituted by `hsb' on input line 1369.
Package xcolor Info: Model `tHsb' substituted by `hsb' on input line 1370.
Package xcolor Info: Model `HSB' substituted by `hsb' on input line 1371.
Package xcolor Info: Model `Gray' substituted by `gray' on input line 1372.
Package xcolor Info: Model `wave' substituted by `hsb' on input line 1373.
)
(/usr/share/texlive/texmf-dist/tex/generic/pgf/basiclayer/pgfcore.code.tex
Package: pgfcore 2023-01-15 v3.1.10 (3.1.10)

(/usr/share/texlive/texmf-dist/tex/generic/pgf/math/pgfmath.code.tex
(/usr/share/texlive/texmf-dist/tex/generic/pgf/math/pgfmathutil.code.tex)
(/usr/share/texlive/texmf-dist/tex/generic/pgf/math/pgfmathparser.code.tex
\pgfmath@dimen=\dimen173
\pgfmath@count=\count302
\pgfmath@box=\box56
\pgfmath@toks=\toks33
\pgfmath@stack@operand=\toks34
\pgfmath@stack@operation=\toks35
)
(/usr/share/texlive/texmf-dist/tex/generic/pgf/math/pgfmathfunctions.code.tex)
(/usr/share/texlive/texmf-dist/tex/generic/pgf/math/pgfmathfunctions.basic.code
.tex)
(/usr/share/texlive/texmf-dist/tex/generic/pgf/math/pgfmathfunctions.trigonomet
ric.code.tex)
(/usr/share/texlive/texmf-dist/tex/generic/pgf/math/pgfmathfunctions.random.cod
e.tex)
(/usr/share/texlive/texmf-dist/tex/generic/pgf/math/pgfmathfunctions.comparison
.code.tex)
(/usr/share/texlive/texmf-dist/tex/generic/pgf/math/pgfmathfunctions.base.code.
tex)
(/usr/share/texlive/texmf-dist/tex/generic/pgf/math/pgfmathfunctions.round.code
.tex)
(/usr/share/texlive/texmf-dist/tex/generic/pgf/math/pgfmathfunctions.misc.code.
tex)
(/usr/share/texlive/texmf-dist/tex/generic/pgf/math/pgfmathfunctions.integerari
thmetics.code.tex)
(/usr/share/texlive/texmf-dist/tex/generic/pgf/math/pgfmathcalc.code.tex)
(/usr/share/texlive/texmf-dist/tex/generic/pgf/math/pgfmathfloat.code.tex
\c@pgfmathroundto@lastzeros=\count303
))
(/usr/share/texlive/texmf-dist/tex/generic/pgf/math/pgfint.code.tex)
(/usr/share/texlive/texmf-dist/tex/generic/pgf/basiclayer/pgfcorepoints.code.te
x
File: pgfcorepoints.code.tex 2023-01-15 v3.1.10 (3.1.10)
\pgf@picminx=\dimen174
\pgf@picmaxx=\dimen175
\pgf@picminy=\dimen176
\pgf@picmaxy=\dimen177
\pgf@pathminx=\dimen178
\pgf@pathmaxx=\dimen179
\pgf@pathminy=\dimen180
\pgf@pathmaxy=\dimen181
\pgf@xx=\dimen182
\pgf@xy=\dimen183
\pgf@yx=\dimen184
\pgf@yy=\dimen185
\pgf@zx=\dimen186
\pgf@zy=\dimen187
)
(/usr/share/texlive/texmf-dist/tex/generic/pgf/basiclayer/pgfcorepathconstruct.
code.tex
File: pgfcorepathconstruct.code.tex 2023-01-15 v3.1.10 (3.1.10)
\pgf@path@lastx=\dimen188
\pgf@path@lasty=\dimen189
)
(/usr/share/texlive/texmf-dist/tex/generic/pgf/basiclayer/pgfcorepathusage.code
.tex
File: pgfcorepathusage.code.tex 2023-01-15 v3.1.10 (3.1.10)
\pgf@shorten@end@additional=\dimen190
\pgf@shorten@start@additional=\dimen191
)
(/usr/share/texlive/texmf-dist/tex/generic/pgf/basiclayer/pgfcorescopes.code.te
x
File: pgfcorescopes.code.tex 2023-01-15 v3.1.10 (3.1.10)
\pgfpic=\box57
\pgf@hbox=\box58
\pgf@layerbox@main=\box59
\pgf@picture@serial@count=\count304
)
(/usr/share/texlive/texmf-dist/tex/generic/pgf/basiclayer/pgfcoregraphicstate.c
ode.tex
File: pgfcoregraphicstate.code.tex 2023-01-15 v3.1.10 (3.1.10)
\pgflinewidth=\dimen192
)
(/usr/share/texlive/texmf-dist/tex/generic/pgf/basiclayer/pgfcoretransformation
s.code.tex
File: pgfcoretransformations.code.tex 2023-01-15 v3.1.10 (3.1.10)
\pgf@pt@x=\dimen193
\pgf@pt@y=\dimen194
\pgf@pt@temp=\dimen195
)
(/usr/share/texlive/texmf-dist/tex/generic/pgf/basiclayer/pgfcorequick.code.tex
File: pgfcorequick.code.tex 2023-01-15 v3.1.10 (3.1.10)
)
(/usr/share/texlive/texmf-dist/tex/generic/pgf/basiclayer/pgfcoreobjects.code.t
ex
File: pgfcoreobjects.code.tex 2023-01-15 v3.1.10 (3.1.10)
)
(/usr/share/texlive/texmf-dist/tex/generic/pgf/basiclayer/pgfcorepathprocessing
.code.tex
File: pgfcorepathprocessing.code.tex 2023-01-15 v3.1.10 (3.1.10)
)
(/usr/share/texlive/texmf-dist/tex/generic/pgf/basiclayer/pgfcorearrows.code.te
x
File: pgfcorearrows.code.tex 2023-01-15 v3.1.10 (3.1.10)
\pgfarrowsep=\dimen196
)
(/usr/share/texlive/texmf-dist/tex/generic/pgf/basiclayer/pgfcoreshade.code.tex
File: pgfcoreshade.code.tex 2023-01-15 v3.1.10 (3.1.10)
\pgf@max=\dimen197
\pgf@sys@shading@range@num=\count305
\pgf@shadingcount=\count306
)
(/usr/share/texlive/texmf-dist/tex/generic/pgf/basiclayer/pgfcoreimage.code.tex
File: pgfcoreimage.code.tex 2023-01-15 v3.1.10 (3.1.10)
)
(/usr/share/texlive/texmf-dist/tex/generic/pgf/basiclayer/pgfcoreexternal.code.
tex
File: pgfcoreexternal.code.tex 2023-01-15 v3.1.10 (3.1.10)
\pgfexternal@startupbox=\box60
)
(/usr/share/texlive/texmf-dist/tex/generic/pgf/basiclayer/pgfcorelayers.code.te
x
File: pgfcorelayers.code.tex 2023-01-15 v3.1.10 (3.1.10)
)
(/usr/share/texlive/texmf-dist/tex/generic/pgf/basiclayer/pgfcoretransparency.c
ode.tex
File: pgfcoretransparency.code.tex 2023-01-15 v3.1.10 (3.1.10)
)
(/usr/share/texlive/texmf-dist/tex/generic/pgf/basiclayer/pgfcorepatterns.code.
tex
File: pgfcorepatterns.code.tex 2023-01-15 v3.1.10 (3.1.10)
)
(/usr/share/texlive/texmf-dist/tex/generic/pgf/basiclayer/pgfcorerdf.code.tex
File: pgfcorerdf.code.tex 2023-01-15 v3.1.10 (3.1.10)
)))
(/usr/share/texlive/texmf-dist/tex/generic/pgf/modules/pgfmoduleshapes.code.tex
File: pgfmoduleshapes.code.tex 2023-01-15 v3.1.10 (3.1.10)
\pgfnodeparttextbox=\box61
) (/usr/share/texlive/texmf-dist/tex/generic/pgf/modules/pgfmoduleplot.code.tex
File: pgfmoduleplot.code.tex 2023-01-15 v3.1.10 (3.1.10)
)
(/usr/share/texlive/texmf-dist/tex/latex/pgf/compatibility/pgfcomp-version-0-65
.sty
Package: pgfcomp-version-0-65 2023-01-15 v3.1.10 (3.1.10)
\pgf@nodesepstart=\dimen198
\pgf@nodesepend=\dimen199
)
(/usr/share/texlive/texmf-dist/tex/latex/pgf/compatibility/pgfcomp-version-1-18
.sty
Package: pgfcomp-version-1-18 2023-01-15 v3.1.10 (3.1.10)
)) (/usr/share/texlive/texmf-dist/tex/latex/tools/verbatim.sty
Package: verbatim 2023-11-06 v1.5v LaTeX2e package for verbatim enhancements
\every@verbatim=\toks36
\verbatim@line=\toks37
\verbatim@in@stream=\read4
)
(/usr/share/texlive/texmf-dist/tex/latex/environ/environ.sty
Package: environ 2014/05/04 v0.3 A new way to define environments

(/usr/share/texlive/texmf-dist/tex/latex/trimspaces/trimspaces.sty
Package: trimspaces 2009/09/17 v1.1 Trim spaces around a token list
))
\tcb@titlebox=\box62
\tcb@upperbox=\box63
\tcb@lowerbox=\box64
\tcb@phantombox=\box65
\c@tcbbreakpart=\count307
\c@tcblayer=\count308
\c@tcolorbox@number=\count309
\l__tcobox_tmpa_box=\box66
\l__tcobox_tmpa_dim=\dimen256
\tcb@temp=\box67
\tcb@temp=\box68
\tcb@temp=\box69
\tcb@temp=\box70
)
(/usr/share/texlive/texmf-dist/tex/latex/fancyhdr/fancyhdr.sty
Package: fancyhdr 2022/11/09 v4.1 Extensive control of page headers and footers

\f@nch@headwidth=\skip54
\f@nch@O@elh=\skip55
\f@nch@O@erh=\skip56
\f@nch@O@olh=\skip57
\f@nch@O@orh=\skip58
\f@nch@O@elf=\skip59
\f@nch@O@erf=\skip60
\f@nch@O@olf=\skip61
\f@nch@O@orf=\skip62
)
(/usr/share/texlive/texmf-dist/tex/latex/geometry/geometry.sty
Package: geometry 2020/01/02 v5.9 Page Geometry

(/usr/share/texlive/texmf-dist/tex/generic/iftex/ifvtex.sty
Package: ifvtex 2019/10/25 v1.7 ifvtex legacy package. Use iftex instead.
)
\Gm@cnth=\count310
\Gm@cntv=\count311
\c@Gm@tempcnt=\count312
\Gm@bindingoffset=\dimen257
\Gm@wd@mp=\dimen258
\Gm@odd@mp=\dimen259
\Gm@even@mp=\dimen260
\Gm@layoutwidth=\dimen261
\Gm@layoutheight=\dimen262
\Gm@layouthoffset=\dimen263
\Gm@layoutvoffset=\dimen264
\Gm@dimlist=\toks38
)
(/usr/share/texlive/texmf-dist/tex/latex/float/float.sty
Package: float 2001/11/08 v1.3d Float enhancements (AL)
\c@float@type=\count313
\float@exts=\toks39
\float@box=\box71
\@float@everytoks=\toks40
\@floatcapt=\box72
)
(/usr/share/texlive/texmf-dist/tex/latex/pgfplots/pgfplotstable.sty
(/usr/share/texlive/texmf-dist/tex/generic/pgfplots/pgfplots.revision.tex)
Package: pgfplotstable 2021/05/15 v1.18.1 Table typesetting and Pretty-printing
 (1.18.1)

(/usr/share/texlive/texmf-dist/tex/latex/pgfplots/pgfplots.sty
(/usr/share/texlive/texmf-dist/tex/generic/pgfplots/pgfplots.revision.tex)
Package: pgfplots 2021/05/15 v1.18.1 Data Visualization (1.18.1)

(/usr/share/texlive/texmf-dist/tex/latex/pgf/frontendlayer/tikz.sty
(/usr/share/texlive/texmf-dist/tex/latex/pgf/utilities/pgffor.sty
(/usr/share/texlive/texmf-dist/tex/latex/pgf/utilities/pgfkeys.sty
(/usr/share/texlive/texmf-dist/tex/generic/pgf/utilities/pgfkeys.code.tex))
(/usr/share/texlive/texmf-dist/tex/latex/pgf/math/pgfmath.sty
(/usr/share/texlive/texmf-dist/tex/generic/pgf/math/pgfmath.code.tex))
(/usr/share/texlive/texmf-dist/tex/generic/pgf/utilities/pgffor.code.tex
Package: pgffor 2023-01-15 v3.1.10 (3.1.10)
\pgffor@iter=\dimen265
\pgffor@skip=\dimen266
\pgffor@stack=\toks41
\pgffor@toks=\toks42
))
(/usr/share/texlive/texmf-dist/tex/generic/pgf/frontendlayer/tikz/tikz.code.tex
Package: tikz 2023-01-15 v3.1.10 (3.1.10)

(/usr/share/texlive/texmf-dist/tex/generic/pgf/libraries/pgflibraryplothandlers
.code.tex
File: pgflibraryplothandlers.code.tex 2023-01-15 v3.1.10 (3.1.10)
\pgf@plot@mark@count=\count314
\pgfplotmarksize=\dimen267
)
\tikz@lastx=\dimen268
\tikz@lasty=\dimen269
\tikz@lastxsaved=\dimen270
\tikz@lastysaved=\dimen271
\tikz@lastmovetox=\dimen272
\tikz@lastmovetoy=\dimen273
\tikzleveldistance=\dimen274
\tikzsiblingdistance=\dimen275
\tikz@figbox=\box73
\tikz@figbox@bg=\box74
\tikz@tempbox=\box75
\tikz@tempbox@bg=\box76
\tikztreelevel=\count315
\tikznumberofchildren=\count316
\tikznumberofcurrentchild=\count317
\tikz@fig@count=\count318

(/usr/share/texlive/texmf-dist/tex/generic/pgf/modules/pgfmodulematrix.code.tex
File: pgfmodulematrix.code.tex 2023-01-15 v3.1.10 (3.1.10)
\pgfmatrixcurrentrow=\count319
\pgfmatrixcurrentcolumn=\count320
\pgf@matrix@numberofcolumns=\count321
)
\tikz@expandcount=\count322

(/usr/share/texlive/texmf-dist/tex/generic/pgf/frontendlayer/tikz/libraries/tik
zlibrarytopaths.code.tex
File: tikzlibrarytopaths.code.tex 2023-01-15 v3.1.10 (3.1.10)
)))
(/usr/share/texlive/texmf-dist/tex/generic/pgfplots/pgfplots.code.tex
(/usr/share/texlive/texmf-dist/tex/generic/pgfplots/pgfplotscore.code.tex
\t@pgfplots@toka=\toks43
\t@pgfplots@tokb=\toks44
\t@pgfplots@tokc=\toks45
\pgfplots@tmpa=\dimen276
\c@pgfplots@coordindex=\count323
\c@pgfplots@scanlineindex=\count324

(/usr/share/texlive/texmf-dist/tex/generic/pgfplots/sys/pgfplotssysgeneric.code
.tex))
(/usr/share/texlive/texmf-dist/tex/generic/pgfplots/libs/pgfplotslibrary.code.t
ex)
(/usr/share/texlive/texmf-dist/tex/generic/pgfplots/oldpgfcompatib/pgfplotsoldp
gfsupp_loader.code.tex
(/usr/share/texlive/texmf-dist/tex/generic/pgf/libraries/pgflibraryfpu.code.tex
)
Package pgfplots: loading complementary utilities for your pgf version...
\t@pgf@toka=\toks46
\t@pgf@tokb=\toks47
\t@pgf@tokc=\toks48

(/usr/share/texlive/texmf-dist/tex/generic/pgfplots/oldpgfcompatib/pgfplotsoldp
gfsupp_pgfutil-common-lists.tex))
(/usr/share/texlive/texmf-dist/tex/generic/pgfplots/util/pgfplotsutil.code.tex
(/usr/share/texlive/texmf-dist/tex/generic/pgfplots/liststructure/pgfplotslists
tructure.code.tex)
(/usr/share/texlive/texmf-dist/tex/generic/pgfplots/liststructure/pgfplotslists
tructureext.code.tex)
(/usr/share/texlive/texmf-dist/tex/generic/pgfplots/liststructure/pgfplotsarray
.code.tex
\c@pgfplotsarray@tmp=\count325
)
(/usr/share/texlive/texmf-dist/tex/generic/pgfplots/liststructure/pgfplotsmatri
x.code.tex)
(/usr/share/texlive/texmf-dist/tex/generic/pgfplots/numtable/pgfplotstableshare
d.code.tex
\c@pgfplotstable@counta=\count326
\t@pgfplotstable@a=\toks49
)
(/usr/share/texlive/texmf-dist/tex/generic/pgfplots/liststructure/pgfplotsdeque
.code.tex)
(/usr/share/texlive/texmf-dist/tex/generic/pgfplots/util/pgfplotsbinary.code.te
x
(/usr/share/texlive/texmf-dist/tex/generic/pgfplots/util/pgfplotsbinary.data.co
de.tex))
(/usr/share/texlive/texmf-dist/tex/generic/pgfplots/util/pgfplotsutil.verb.code
.tex)
(/usr/share/texlive/texmf-dist/tex/generic/pgfplots/libs/pgflibrarypgfplots.sur
fshading.code.tex
\c@pgfplotslibrarysurf@no=\count327

(/usr/share/texlive/texmf-dist/tex/generic/pgfplots/sys/pgflibrarypgfplots.surf
shading.pgfsys-pdftex.def)))
(/usr/share/texlive/texmf-dist/tex/generic/pgfplots/util/pgfplotscolormap.code.
tex
(/usr/share/texlive/texmf-dist/tex/generic/pgfplots/util/pgfplotscolor.code.tex
))
(/usr/share/texlive/texmf-dist/tex/generic/pgfplots/pgfplotsstackedplots.code.t
ex)
(/usr/share/texlive/texmf-dist/tex/generic/pgfplots/pgfplotsplothandlers.code.t
ex
(/usr/share/texlive/texmf-dist/tex/generic/pgfplots/pgfplotsmeshplothandler.cod
e.tex
(/usr/share/texlive/texmf-dist/tex/generic/pgfplots/pgfplotsmeshplotimage.code.
tex)))
(/usr/share/texlive/texmf-dist/tex/generic/pgfplots/pgfplots.scaling.code.tex)
(/usr/share/texlive/texmf-dist/tex/generic/pgfplots/pgfplotscoordprocessing.cod
e.tex)
(/usr/share/texlive/texmf-dist/tex/generic/pgfplots/pgfplots.errorbars.code.tex
) (/usr/share/texlive/texmf-dist/tex/generic/pgfplots/pgfplots.markers.code.tex
) (/usr/share/texlive/texmf-dist/tex/generic/pgfplots/pgfplotsticks.code.tex)
(/usr/share/texlive/texmf-dist/tex/generic/pgfplots/pgfplots.paths.code.tex)
(/usr/share/texlive/texmf-dist/tex/generic/pgf/frontendlayer/tikz/libraries/tik
zlibrarydecorations.code.tex
(/usr/share/texlive/texmf-dist/tex/generic/pgf/modules/pgfmoduledecorations.cod
e.tex
\pgfdecoratedcompleteddistance=\dimen277
\pgfdecoratedremainingdistance=\dimen278
\pgfdecoratedinputsegmentcompleteddistance=\dimen279
\pgfdecoratedinputsegmentremainingdistance=\dimen280
\pgf@decorate@distancetomove=\dimen281
\pgf@decorate@repeatstate=\count328
\pgfdecorationsegmentamplitude=\dimen282
\pgfdecorationsegmentlength=\dimen283
)
\tikz@lib@dec@box=\box77
)
(/usr/share/texlive/texmf-dist/tex/generic/pgf/frontendlayer/tikz/libraries/tik
zlibrarydecorations.pathmorphing.code.tex
(/usr/share/texlive/texmf-dist/tex/generic/pgf/libraries/decorations/pgflibrary
decorations.pathmorphing.code.tex))
(/usr/share/texlive/texmf-dist/tex/generic/pgf/frontendlayer/tikz/libraries/tik
zlibrarydecorations.pathreplacing.code.tex
(/usr/share/texlive/texmf-dist/tex/generic/pgf/libraries/decorations/pgflibrary
decorations.pathreplacing.code.tex))
(/usr/share/texlive/texmf-dist/tex/generic/pgfplots/libs/tikzlibrarypgfplots.co
ntourlua.code.tex)
\pgfplots@numplots=\count329
\pgfplots@xmin@reg=\dimen284
\pgfplots@xmax@reg=\dimen285
\pgfplots@ymin@reg=\dimen286
\pgfplots@ymax@reg=\dimen287
\pgfplots@zmin@reg=\dimen288
\pgfplots@zmax@reg=\dimen289
)
(/usr/share/texlive/texmf-dist/tex/generic/pgf/frontendlayer/tikz/libraries/tik
zlibraryplotmarks.code.tex
File: tikzlibraryplotmarks.code.tex 2023-01-15 v3.1.10 (3.1.10)

(/usr/share/texlive/texmf-dist/tex/generic/pgf/libraries/pgflibraryplotmarks.co
de.tex
File: pgflibraryplotmarks.code.tex 2023-01-15 v3.1.10 (3.1.10)
)))
(/usr/share/texlive/texmf-dist/tex/generic/pgfplots/numtable/pgfplotstable.code
.tex
(/usr/share/texlive/texmf-dist/tex/generic/pgfplots/numtable/pgfplotstable.colt
ype.code.tex)) (/usr/share/texlive/texmf-dist/tex/latex/tools/array.sty
Package: array 2023/10/16 v2.5g Tabular extension package (FMi)
\col@sep=\dimen290
\ar@mcellbox=\box78
\extrarowheight=\dimen291
\NC@list=\toks50
\extratabsurround=\skip63
\backup@length=\skip64
\ar@cellbox=\box79
))
(/usr/share/texlive/texmf-dist/tex/latex/colortbl/colortbl.sty
Package: colortbl 2022/06/20 v1.0f Color table columns (DPC)
\everycr=\toks51
\minrowclearance=\skip65
\rownum=\count330
)
(/usr/share/texlive/texmf-dist/tex/latex/lastpage/lastpage.sty
Package: lastpage 2023/10/14 v2.0e lastpage: 2.09 or 2e? (HMM)

(/usr/share/texlive/texmf-dist/tex/latex/lastpage/lastpage2e.sty
Package: lastpage2e 2023/10/14 v2.0e Decide which 2e lastpage version to use (H
MM)

(/usr/share/texlive/texmf-dist/tex/latex/lastpage/lastpagemodern.sty
Package: lastpagemodern 2023-10-14 v2.0e Refers to last page's name (HMM; JPG)
\c@lastpagecount=\count331
) 
)) (/usr/share/texlive/texmf-dist/tex/latex/titlesec/titlesec.sty
Package: titlesec 2023/10/27 v2.16 Sectioning titles
\ttl@box=\box80
\beforetitleunit=\skip66
\aftertitleunit=\skip67
\ttl@plus=\dimen292
\ttl@minus=\dimen293
\ttl@toksa=\toks52
\titlewidth=\dimen294
\titlewidthlast=\dimen295
\titlewidthfirst=\dimen296
)
(/usr/share/texlive/texmf-dist/tex/latex/listings/lstlang1.sty
File: lstlang1.sty 2023/02/27 1.9 listings language file
)
(/usr/share/texlive/texmf-dist/tex/latex/l3backend/l3backend-pdftex.def
File: l3backend-pdftex.def 2024-01-04 L3 backend support: PDF output (pdfTeX)
\l__color_backend_stack_int=\count332
\l__pdf_internal_box=\box81
)
(./manusuempleados.aux

LaTeX Warning: Label `fig:placeholder' multiply defined.

)
\openout1 = `manusuempleados.aux'.

LaTeX Font Info:    Checking defaults for OML/cmm/m/it on input line 96.
LaTeX Font Info:    ... okay on input line 96.
LaTeX Font Info:    Checking defaults for OMS/cmsy/m/n on input line 96.
LaTeX Font Info:    ... okay on input line 96.
LaTeX Font Info:    Checking defaults for OT1/cmr/m/n on input line 96.
LaTeX Font Info:    ... okay on input line 96.
LaTeX Font Info:    Checking defaults for T1/cmr/m/n on input line 96.
LaTeX Font Info:    ... okay on input line 96.
LaTeX Font Info:    Checking defaults for TS1/cmr/m/n on input line 96.
LaTeX Font Info:    ... okay on input line 96.
LaTeX Font Info:    Checking defaults for OMX/cmex/m/n on input line 96.
LaTeX Font Info:    ... okay on input line 96.
LaTeX Font Info:    Checking defaults for U/cmr/m/n on input line 96.
LaTeX Font Info:    ... okay on input line 96.
LaTeX Font Info:    Checking defaults for PD1/pdf/m/n on input line 96.
LaTeX Font Info:    ... okay on input line 96.
LaTeX Font Info:    Checking defaults for PU/pdf/m/n on input line 96.
LaTeX Font Info:    ... okay on input line 96.
 (/usr/share/texlive/texmf-dist/tex/context/base/mkii/supp-pdf.mkii
[Loading MPS to PDF converter (version 2006.09.02).]
\scratchcounter=\count333
\scratchdimen=\dimen297
\scratchbox=\box82
\nofMPsegments=\count334
\nofMParguments=\count335
\everyMPshowfont=\toks53
\MPscratchCnt=\count336
\MPscratchDim=\dimen298
\MPnumerator=\count337
\makeMPintoPDFobject=\count338
\everyMPtoPDFconversion=\toks54
) (/usr/share/texlive/texmf-dist/tex/latex/epstopdf-pkg/epstopdf-base.sty
Package: epstopdf-base 2020-01-24 v2.11 Base part for package epstopdf
Package epstopdf-base Info: Redefining graphics rule for `.eps' on input line 4
85.

(/usr/share/texlive/texmf-dist/tex/latex/latexconfig/epstopdf-sys.cfg
File: epstopdf-sys.cfg 2010/07/13 v1.3 Configuration of (r)epstopdf for TeX Liv
e
))
Package hyperref Info: Link coloring OFF on input line 96.

(./manusuempleados.out) (./manusuempleados.out)
\@outlinefile=\write4
\openout4 = `manusuempleados.out'.

\c@lstlisting=\count339

*geometry* driver: auto-detecting
*geometry* detected driver: pdftex
*geometry* verbose mode - [ preamble ] result:
* driver: pdftex
* paper: a4paper
* layout: <same size as paper>
* layoutoffset:(h,v)=(0.0pt,0.0pt)
* modes: 
* h-part:(L,W,R)=(71.13188pt, 455.24411pt, 71.13188pt)
* v-part:(T,H,B)=(85.35826pt, 631.65118pt, 128.0374pt)
* \paperwidth=597.50787pt
* \paperheight=845.04684pt
* \textwidth=455.24411pt
* \textheight=631.65118pt
* \oddsidemargin=-1.1381pt
* \evensidemargin=-1.1381pt
* \topmargin=-23.91173pt
* \headheight=52.0pt
* \headsep=25.0pt
* \topskip=12.0pt
* \footskip=40.0pt
* \marginparwidth=35.0pt
* \marginparsep=10.0pt
* \columnsep=10.0pt
* \skip\footins=10.8pt plus 4.0pt minus 2.0pt
* \hoffset=0.0pt
* \voffset=0.0pt
* \mag=1000
* \@twocolumnfalse
* \@twosidefalse
* \@mparswitchfalse
* \@reversemarginfalse
* (1in=72.27pt=25.4mm, 1cm=28.453pt)


Package pgfplots Warning: running in backwards compatibility mode (unsuitable t
ick labels; missing features). Consider writing \pgfplotsset{compat=1.18} into 
your preamble.
 on input line 96.

<logo.png, id=123, 855.26627pt x 855.26627pt>
File: logo.png Graphic file (type png)
<use logo.png>
Package pdftex.def Info: logo.png  used on input line 98.
(pdftex.def)             Requested size: 142.26378pt x 142.26126pt.
LaTeX Font Info:    Trying to load font information for U+msa on input line 98.

(/usr/share/texlive/texmf-dist/tex/latex/amsfonts/umsa.fd
File: umsa.fd 2013/01/14 v3.01 AMS symbols A
)
LaTeX Font Info:    Trying to load font information for U+msb on input line 98.


(/usr/share/texlive/texmf-dist/tex/latex/amsfonts/umsb.fd
File: umsb.fd 2013/01/14 v3.01 AMS symbols B
) [1

{/var/lib/texmf/fonts/map/pdftex/updmap/pdftex.map} <./logo.png>] (./portada/po
rtada.tex
*geometry* verbose mode - [ newgeometry ] result:
* driver: pdftex
* paper: a4paper
* layout: <same size as paper>
* layoutoffset:(h,v)=(0.0pt,0.0pt)
* modes: 
* h-part:(L,W,R)=(56.9055pt, 540.60237pt, 0.0pt)
* v-part:(T,H,B)=(56.9055pt, 731.23584pt, 56.9055pt)
* \paperwidth=597.50787pt
* \paperheight=845.04684pt
* \textwidth=540.60237pt
* \textheight=731.23584pt
* \oddsidemargin=-15.36449pt
* \evensidemargin=-15.36449pt
* \topmargin=-92.36449pt
* \headheight=52.0pt
* \headsep=25.0pt
* \topskip=12.0pt
* \footskip=40.0pt
* \marginparwidth=35.0pt
* \marginparsep=10.0pt
* \columnsep=10.0pt
* \skip\footins=10.8pt plus 4.0pt minus 2.0pt
* \hoffset=0.0pt
* \voffset=0.0pt
* \mag=1000
* \@twocolumnfalse
* \@twosidefalse
* \@mparswitchfalse
* \@reversemarginfalse
* (1in=72.27pt=25.4mm, 1cm=28.453pt)

<registro-imagen.png, id=134, 219.82124pt x 408.77719pt>
File: registro-imagen.png Graphic file (type png)
<use registro-imagen.png>
Package pdftex.def Info: registro-imagen.png  used on input line 7.
(pdftex.def)             Requested size: 454.45352pt x 845.04684pt.
<logomanual.png, id=135, 313.17pt x 92.345pt>
File: logomanual.png Graphic file (type png)
<use logomanual.png>
Package pdftex.def Info: logomanual.png  used on input line 12.
(pdftex.def)             Requested size: 324.36472pt x 95.64902pt.

pdfTeX warning (ext4): destination with the same identifier (name{page.1}) has 
been already used, duplicate ignored
<to be read again> 
                   \relax 
l.20 \end{titlepage}
                     [1

 <./registro-imagen.png> <./logomanual.png>])
(./manusuempleados.toc)
\tf@toc=\write5
\openout5 = `manusuempleados.toc'.

File: logomanual.png Graphic file (type png)
<use logomanual.png>
Package pdftex.def Info: logomanual.png  used on input line 104.
(pdftex.def)             Requested size: 144.7385pt x 42.67912pt.

pdfTeX warning (ext4): destination with the same identifier (name{page.1}) has 
been already used, duplicate ignored
<to be read again> 
                   \relax 
l.104 \newpage
               [1] (./manusuempleados.lof)
\tf@lof=\write6
\openout6 = `manusuempleados.lof'.

File: logomanual.png Graphic file (type png)
<use logomanual.png>
Package pdftex.def Info: logomanual.png  used on input line 107.
(pdftex.def)             Requested size: 144.7385pt x 42.67912pt.
 [2] (./introduccion/introduccion.tex
Underfull \hbox (badness 10000) in paragraph at lines 1--2

 []


Underfull \hbox (badness 10000) in paragraph at lines 3--4

 []


Underfull \hbox (badness 10000) in paragraph at lines 5--6

 []

)
File: logomanual.png Graphic file (type png)
<use logomanual.png>
Package pdftex.def Info: logomanual.png  used on input line 111.
(pdftex.def)             Requested size: 144.7385pt x 42.67912pt.
 [3] (./roles/roles.tex)
File: logomanual.png Graphic file (type png)
<use logomanual.png>
Package pdftex.def Info: logomanual.png  used on input line 115.
(pdftex.def)             Requested size: 144.7385pt x 42.67912pt.
 [4] (./acceso/acceso.tex
Underfull \hbox (badness 10000) in paragraph at lines 31--32

 []

<acceso/inicio.png, id=277, 1280.785pt x 651.43375pt>
File: acceso/inicio.png Graphic file (type png)
<use acceso/inicio.png>
Package pdftex.def Info: acceso/inicio.png  used on input line 36.
(pdftex.def)             Requested size: 455.24411pt x 231.54388pt.
File: logomanual.png Graphic file (type png)
<use logomanual.png>
Package pdftex.def Info: logomanual.png  used on input line 40.
(pdftex.def)             Requested size: 144.7385pt x 42.67912pt.
[5]
<acceso/registro-empleado.png, id=285, 1201.48875pt x 886.31125pt>
File: acceso/registro-empleado.png Graphic file (type png)
<use acceso/registro-empleado.png>
Package pdftex.def Info: acceso/registro-empleado.png  used on input line 45.
(pdftex.def)             Requested size: 455.24411pt x 335.82805pt.
File: logomanual.png Graphic file (type png)
<use logomanual.png>
Package pdftex.def Info: logomanual.png  used on input line 49.
(pdftex.def)             Requested size: 144.7385pt x 42.67912pt.
 [6
pdfTeX warning (ext4): destination with the same identifier (name{figure.1}) ha
s been already used, duplicate ignored
<argument> ...shipout:D \box_use:N \l_shipout_box 
                                                  \__shipout_drop_firstpage_...
l.49 
      <./acceso/inicio.png>]
<acceso/navbar-perfil.png, id=291, 1166.3575pt x 90.3375pt>
File: acceso/navbar-perfil.png Graphic file (type png)
<use acceso/navbar-perfil.png>
Package pdftex.def Info: acceso/navbar-perfil.png  used on input line 60.
(pdftex.def)             Requested size: 455.24411pt x 35.25903pt.
<acceso/login.png, id=292, 1277.77374pt x 650.43pt>
File: acceso/login.png Graphic file (type png)
<use acceso/login.png>
Package pdftex.def Info: acceso/login.png  used on input line 67.
(pdftex.def)             Requested size: 455.24411pt x 231.73297pt.
File: logomanual.png Graphic file (type png)
<use logomanual.png>
Package pdftex.def Info: logomanual.png  used on input line 70.
(pdftex.def)             Requested size: 144.7385pt x 42.67912pt.
 [7
pdfTeX warning (ext4): destination with the same identifier (name{figure.2}) ha
s been already used, duplicate ignored
<argument> ...shipout:D \box_use:N \l_shipout_box 
                                                  \__shipout_drop_firstpage_...
l.70    	\end{figure}
                     
pdfTeX warning (ext4): destination with the same identifier (name{figure.3}) ha
s been already used, duplicate ignored
<argument> ...shipout:D \box_use:N \l_shipout_box 
                                                  \__shipout_drop_firstpage_...
l.70    	\end{figure}
                      <./acceso/registro-empleado.png> <./acceso/navbar-perfil.
png>]
<acceso/perfil.png, id=298, 653.44125pt x 273.27094pt>
File: acceso/perfil.png Graphic file (type png)
<use acceso/perfil.png>
Package pdftex.def Info: acceso/perfil.png  used on input line 77.
(pdftex.def)             Requested size: 455.24411pt x 190.3835pt.
)
File: logomanual.png Graphic file (type png)
<use logomanual.png>
Package pdftex.def Info: logomanual.png  used on input line 119.
(pdftex.def)             Requested size: 144.7385pt x 42.67912pt.
 [8
pdfTeX warning (ext4): destination with the same identifier (name{figure.4}) ha
s been already used, duplicate ignored
<argument> ...shipout:D \box_use:N \l_shipout_box 
                                                  \__shipout_drop_firstpage_...
l.119 \newpage
              
pdfTeX warning (ext4): destination with the same identifier (name{figure.5}) ha
s been already used, duplicate ignored
<argument> ...shipout:D \box_use:N \l_shipout_box 
                                                  \__shipout_drop_firstpage_...
l.119 \newpage
               <./acceso/login.png> <./acceso/perfil.png (PNG copy)>]
(./guiamodulo/guiamodulo.tex
<guiamodulo/tecnico-menu.png, id=304, 548.0475pt x 307.1475pt>
File: guiamodulo/tecnico-menu.png Graphic file (type png)
<use guiamodulo/tecnico-menu.png>
Package pdftex.def Info: guiamodulo/tecnico-menu.png  used on input line 10.
(pdftex.def)             Requested size: 341.43307pt x 191.35744pt.
<guiamodulo/tecnico-proceso.png, id=305, 616.55344pt x 258.9675pt>
File: guiamodulo/tecnico-proceso.png Graphic file (type png)
<use guiamodulo/tecnico-proceso.png>
Package pdftex.def Info: guiamodulo/tecnico-proceso.png  used on input line 18.

(pdftex.def)             Requested size: 341.43307pt x 143.41252pt.
<guiamodulo/perfil-coordinador.png, id=306, 912.40875pt x 676.77844pt>
File: guiamodulo/perfil-coordinador.png Graphic file (type png)
<use guiamodulo/perfil-coordinador.png>
Package pdftex.def Info: guiamodulo/perfil-coordinador.png  used on input line 
29.
(pdftex.def)             Requested size: 341.43307pt x 253.2543pt.
File: logomanual.png Graphic file (type png)
<use logomanual.png>
Package pdftex.def Info: logomanual.png  used on input line 32.
(pdftex.def)             Requested size: 144.7385pt x 42.67912pt.
 [9
pdfTeX warning (ext4): destination with the same identifier (name{figure.6}) ha
s been already used, duplicate ignored
<argument> ...shipout:D \box_use:N \l_shipout_box 
                                                  \__shipout_drop_firstpage_...
l.32 \end{figure}
                 
pdfTeX warning (ext4): destination with the same identifier (name{figure.7}) ha
s been already used, duplicate ignored
<argument> ...shipout:D \box_use:N \l_shipout_box 
                                                  \__shipout_drop_firstpage_...
l.32 \end{figure}
                  <./guiamodulo/tecnico-menu.png (PNG copy)> <./guiamodulo/tecn
ico-proceso.png (PNG copy)>]
<guiamodulo/navbar-coo-tickect.png, id=313, 910.90312pt x 243.91125pt>
File: guiamodulo/navbar-coo-tickect.png Graphic file (type png)
<use guiamodulo/navbar-coo-tickect.png>
Package pdftex.def Info: guiamodulo/navbar-coo-tickect.png  used on input line 
48.
(pdftex.def)             Requested size: 364.19667pt x 97.52182pt.
<guiamodulo/coordinador-tickets.png, id=314, 730.98094pt x 292.84406pt>
File: guiamodulo/coordinador-tickets.png Graphic file (type png)
<use guiamodulo/coordinador-tickets.png>
Package pdftex.def Info: guiamodulo/coordinador-tickets.png  used on input line
 55.
(pdftex.def)             Requested size: 364.19667pt x 145.90332pt.
File: logomanual.png Graphic file (type png)
<use logomanual.png>
Package pdftex.def Info: logomanual.png  used on input line 58.
(pdftex.def)             Requested size: 144.7385pt x 42.67912pt.
 [10
pdfTeX warning (ext4): destination with the same identifier (name{figure.8}) ha
s been already used, duplicate ignored
<argument> ...shipout:D \box_use:N \l_shipout_box 
                                                  \__shipout_drop_firstpage_...
l.58         \end{figure}
                         
pdfTeX warning (ext4): destination with the same identifier (name{figure.9}) ha
s been already used, duplicate ignored
<argument> ...shipout:D \box_use:N \l_shipout_box 
                                                  \__shipout_drop_firstpage_...
l.58         \end{figure}
                          <./guiamodulo/perfil-coordinador.png (PNG copy)> <./g
uiamodulo/navbar-coo-tickect.png (PNG copy)>]
<guiamodulo/navbar-coo-asignar.png, id=323, 899.61093pt x 158.84344pt>
File: guiamodulo/navbar-coo-asignar.png Graphic file (type png)
<use guiamodulo/navbar-coo-asignar.png>
Package pdftex.def Info: guiamodulo/navbar-coo-asignar.png  used on input line 
66.
(pdftex.def)             Requested size: 364.19667pt x 64.30457pt.
<guiamodulo/coordinador-asignar.png, id=324, 796.47563pt x 224.33812pt>
File: guiamodulo/coordinador-asignar.png Graphic file (type png)
<use guiamodulo/coordinador-asignar.png>
Package pdftex.def Info: guiamodulo/coordinador-asignar.png  used on input line
 73.
(pdftex.def)             Requested size: 364.19667pt x 102.58061pt.
<guiamodulo/menu-admin.png, id=325, 702.37407pt x 352.31625pt>
File: guiamodulo/menu-admin.png Graphic file (type png)
<use guiamodulo/menu-admin.png>
Package pdftex.def Info: guiamodulo/menu-admin.png  used on input line 84.
(pdftex.def)             Requested size: 455.24411pt x 228.36311pt.
File: logomanual.png Graphic file (type png)
<use logomanual.png>
Package pdftex.def Info: logomanual.png  used on input line 88.
(pdftex.def)             Requested size: 144.7385pt x 42.67912pt.
 [11
pdfTeX warning (ext4): destination with the same identifier (name{figure.10}) h
as been already used, duplicate ignored
<argument> ...shipout:D \box_use:N \l_shipout_box 
                                                  \__shipout_drop_firstpage_...
l.88 
     
pdfTeX warning (ext4): destination with the same identifier (name{figure.11}) h
as been already used, duplicate ignored
<argument> ...shipout:D \box_use:N \l_shipout_box 
                                                  \__shipout_drop_firstpage_...
l.88 
     
pdfTeX warning (ext4): destination with the same identifier (name{figure.12}) h
as been already used, duplicate ignored
<argument> ...shipout:D \box_use:N \l_shipout_box 
                                                  \__shipout_drop_firstpage_...
l.88 
      <./guiamodulo/coordinador-tickets.png (PNG copy)> <./guiamodulo/navbar-co
o-asignar.png (PNG copy)> <./guiamodulo/coordinador-asignar.png (PNG copy)>]
<guiamodulo/menu-admin-precios.png, id=335, 197.98969pt x 59.47218pt>
File: guiamodulo/menu-admin-precios.png Graphic file (type png)
<use guiamodulo/menu-admin-precios.png>
Package pdftex.def Info: guiamodulo/menu-admin-precios.png  used on input line 
107.
(pdftex.def)             Requested size: 136.57462pt x 41.02495pt.
<guiamodulo/mod-precios.png, id=336, 618.81187pt x 373.395pt>
File: guiamodulo/mod-precios.png Graphic file (type png)
<use guiamodulo/mod-precios.png>
Package pdftex.def Info: guiamodulo/mod-precios.png  used on input line 115.
(pdftex.def)             Requested size: 318.66948pt x 192.29202pt.
File: logomanual.png Graphic file (type png)
<use logomanual.png>
Package pdftex.def Info: logomanual.png  used on input line 119.
(pdftex.def)             Requested size: 144.7385pt x 42.67912pt.

[12
pdfTeX warning (ext4): destination with the same identifier (name{figure.13}) h
as been already used, duplicate ignored
<argument> ...shipout:D \box_use:N \l_shipout_box 
                                                  \__shipout_drop_firstpage_...
l.119 
      
pdfTeX warning (ext4): destination with the same identifier (name{figure.14}) h
as been already used, duplicate ignored
<argument> ...shipout:D \box_use:N \l_shipout_box 
                                                  \__shipout_drop_firstpage_...
l.119 
       <./guiamodulo/menu-admin.png (PNG copy)> <./guiamodulo/menu-admin-precio
s.png (PNG copy)>]
<guiamodulo/mod-precios-guardar.png, id=342, 206.27063pt x 99.37125pt>
File: guiamodulo/mod-precios-guardar.png Graphic file (type png)
<use guiamodulo/mod-precios-guardar.png>
Package pdftex.def Info: guiamodulo/mod-precios-guardar.png  used on input line
 123.
(pdftex.def)             Requested size: 182.09486pt x 87.72595pt.
<guiamodulo/mod-precios-aviso.png, id=343, 442.65375pt x 122.70844pt>
File: guiamodulo/mod-precios-aviso.png Graphic file (type png)
<use guiamodulo/mod-precios-aviso.png>
Package pdftex.def Info: guiamodulo/mod-precios-aviso.png  used on input line 1
31.
(pdftex.def)             Requested size: 341.43307pt x 94.6543pt.
<guiamodulo/menu-admin-usuarios.png, id=345, 232.61906pt x 63.23625pt>
File: guiamodulo/menu-admin-usuarios.png Graphic file (type png)
<use guiamodulo/menu-admin-usuarios.png>
Package pdftex.def Info: guiamodulo/menu-admin-usuarios.png  used on input line
 144.
(pdftex.def)             Requested size: 136.57462pt x 37.12766pt.
File: logomanual.png Graphic file (type png)
<use logomanual.png>
Package pdftex.def Info: logomanual.png  used on input line 148.
(pdftex.def)             Requested size: 144.7385pt x 42.67912pt.
 [13
pdfTeX warning (ext4): destination with the same identifier (name{figure.15}) h
as been already used, duplicate ignored
<argument> ...shipout:D \box_use:N \l_shipout_box 
                                                  \__shipout_drop_firstpage_...
l.148 
      
pdfTeX warning (ext4): destination with the same identifier (name{figure.16}) h
as been already used, duplicate ignored
<argument> ...shipout:D \box_use:N \l_shipout_box 
                                                  \__shipout_drop_firstpage_...
l.148 
      
pdfTeX warning (ext4): destination with the same identifier (name{figure.17}) h
as been already used, duplicate ignored
<argument> ...shipout:D \box_use:N \l_shipout_box 
                                                  \__shipout_drop_firstpage_...
l.148 
       <./guiamodulo/mod-precios.png (PNG copy)> <./guiamodulo/mod-precios-guar
dar.png (PNG copy)> <./guiamodulo/mod-precios-aviso.png (PNG copy)>]
<guiamodulo/admin-usuarios-registrados.png, id=354, 717.43031pt x 151.3153pt>
File: guiamodulo/admin-usuarios-registrados.png Graphic file (type png)
<use guiamodulo/admin-usuarios-registrados.png>
Package pdftex.def Info: guiamodulo/admin-usuarios-registrados.png  used on inp
ut line 152.
(pdftex.def)             Requested size: 364.19667pt x 76.81421pt.
<guiamodulo/admin-usuario-detalle.png, id=355, 651.93562pt x 389.95688pt>
File: guiamodulo/admin-usuario-detalle.png Graphic file (type png)
<use guiamodulo/admin-usuario-detalle.png>
Package pdftex.def Info: guiamodulo/admin-usuario-detalle.png  used on input li
ne 160.
(pdftex.def)             Requested size: 341.43307pt x 204.23654pt.
<guiamodulo/menu-admin-postulados.png, id=356, 178.41656pt x 51.94406pt>
File: guiamodulo/menu-admin-postulados.png Graphic file (type png)
<use guiamodulo/menu-admin-postulados.png>
Package pdftex.def Info: guiamodulo/menu-admin-postulados.png  used on input li
ne 171.
(pdftex.def)             Requested size: 136.57462pt x 39.764pt.
<guiamodulo/admin-postulados.png, id=357, 760.34062pt x 134.00063pt>
File: guiamodulo/admin-postulados.png Graphic file (type png)
<use guiamodulo/admin-postulados.png>
Package pdftex.def Info: guiamodulo/admin-postulados.png  used on input line 17
9.
(pdftex.def)             Requested size: 364.19667pt x 64.18665pt.
File: logomanual.png Graphic file (type png)
<use logomanual.png>
Package pdftex.def Info: logomanual.png  used on input line 182.
(pdftex.def)             Requested size: 144.7385pt x 42.67912pt.
 [14
pdfTeX warning (ext4): destination with the same identifier (name{figure.18}) h
as been already used, duplicate ignored
<argument> ...shipout:D \box_use:N \l_shipout_box 
                                                  \__shipout_drop_firstpage_...
l.182     \end{figure}
                      
pdfTeX warning (ext4): destination with the same identifier (name{figure.19}) h
as been already used, duplicate ignored
<argument> ...shipout:D \box_use:N \l_shipout_box 
                                                  \__shipout_drop_firstpage_...
l.182     \end{figure}
                      
pdfTeX warning (ext4): destination with the same identifier (name{figure.20}) h
as been already used, duplicate ignored
<argument> ...shipout:D \box_use:N \l_shipout_box 
                                                  \__shipout_drop_firstpage_...
l.182     \end{figure}
                      
pdfTeX warning (ext4): destination with the same identifier (name{figure.21}) h
as been already used, duplicate ignored
<argument> ...shipout:D \box_use:N \l_shipout_box 
                                                  \__shipout_drop_firstpage_...
l.182     \end{figure}
                       <./guiamodulo/menu-admin-usuarios.png (PNG copy)> <./gui
amodulo/admin-usuarios-registrados.png (PNG copy)> <./guiamodulo/admin-usuario-
detalle.png (PNG copy)> <./guiamodulo/menu-admin-postulados.png (PNG copy)>]
<guiamodulo/admin-postulados-detalle.png, id=365, 414.04688pt x 301.125pt>
File: guiamodulo/admin-postulados-detalle.png Graphic file (type png)
<use guiamodulo/admin-postulados-detalle.png>
Package pdftex.def Info: guiamodulo/admin-postulados-detalle.png  used on input
 line 187.
(pdftex.def)             Requested size: 273.14923pt x 198.6604pt.
<guiamodulo/menu-admin-empleados.png, id=366, 231.11343pt x 60.225pt>
File: guiamodulo/menu-admin-empleados.png Graphic file (type png)
<use guiamodulo/menu-admin-empleados.png>
Package pdftex.def Info: guiamodulo/menu-admin-empleados.png  used on input lin
e 200.
(pdftex.def)             Requested size: 136.57462pt x 35.5894pt.
<guiamodulo/gestion-tecnicos.png, id=367, 714.41907pt x 326.72063pt>
File: guiamodulo/gestion-tecnicos.png Graphic file (type png)
<use guiamodulo/gestion-tecnicos.png>
Package pdftex.def Info: guiamodulo/gestion-tecnicos.png  used on input line 20
9.
(pdftex.def)             Requested size: 318.66948pt x 145.7367pt.
File: logomanual.png Graphic file (type png)
<use logomanual.png>
Package pdftex.def Info: logomanual.png  used on input line 213.
(pdftex.def)             Requested size: 144.7385pt x 42.67912pt.

[15
pdfTeX warning (ext4): destination with the same identifier (name{figure.22}) h
as been already used, duplicate ignored
<argument> ...shipout:D \box_use:N \l_shipout_box 
                                                  \__shipout_drop_firstpage_...
l.213 
      
pdfTeX warning (ext4): destination with the same identifier (name{figure.23}) h
as been already used, duplicate ignored
<argument> ...shipout:D \box_use:N \l_shipout_box 
                                                  \__shipout_drop_firstpage_...
l.213 
      
pdfTeX warning (ext4): destination with the same identifier (name{figure.24}) h
as been already used, duplicate ignored
<argument> ...shipout:D \box_use:N \l_shipout_box 
                                                  \__shipout_drop_firstpage_...
l.213 
       <./guiamodulo/admin-postulados.png (PNG copy)> <./guiamodulo/admin-postu
lados-detalle.png (PNG copy)> <./guiamodulo/menu-admin-empleados.png (PNG copy)
>]
<guiamodulo/gestion-tecnicos-menu.png, id=376, 703.12688pt x 225.09094pt>
File: guiamodulo/gestion-tecnicos-menu.png Graphic file (type png)
<use guiamodulo/gestion-tecnicos-menu.png>
Package pdftex.def Info: guiamodulo/gestion-tecnicos-menu.png  used on input li
ne 218.
(pdftex.def)             Requested size: 318.66948pt x 102.01468pt.
<guiamodulo/gestion-tecnicos-aviso.png, id=377, 715.92468pt x 95.6072pt>
File: guiamodulo/gestion-tecnicos-aviso.png Graphic file (type png)
<use guiamodulo/gestion-tecnicos-aviso.png>
Package pdftex.def Info: guiamodulo/gestion-tecnicos-aviso.png  used on input l
ine 227.
(pdftex.def)             Requested size: 318.66948pt x 42.556pt.
<guiamodulo/menu-admin-coordinadores.png, id=378, 149.8097pt x 43.66313pt>
File: guiamodulo/menu-admin-coordinadores.png Graphic file (type png)
<use guiamodulo/menu-admin-coordinadores.png>
Package pdftex.def Info: guiamodulo/menu-admin-coordinadores.png  used on input
 line 241.
(pdftex.def)             Requested size: 136.57462pt x 39.80878pt.
<guiamodulo/gestion-coordinadores.png, id=379, 763.35187pt x 228.855pt>
File: guiamodulo/gestion-coordinadores.png Graphic file (type png)
<use guiamodulo/gestion-coordinadores.png>
Package pdftex.def Info: guiamodulo/gestion-coordinadores.png  used on input li
ne 250.
(pdftex.def)             Requested size: 318.66948pt x 95.53876pt.
File: logomanual.png Graphic file (type png)
<use logomanual.png>
Package pdftex.def Info: logomanual.png  used on input line 254.
(pdftex.def)             Requested size: 144.7385pt x 42.67912pt.
 [16
pdfTeX warning (ext4): destination with the same identifier (name{figure.25}) h
as been already used, duplicate ignored
<argument> ...shipout:D \box_use:N \l_shipout_box 
                                                  \__shipout_drop_firstpage_...
l.254 
      
pdfTeX warning (ext4): destination with the same identifier (name{figure.26}) h
as been already used, duplicate ignored
<argument> ...shipout:D \box_use:N \l_shipout_box 
                                                  \__shipout_drop_firstpage_...
l.254 
      
pdfTeX warning (ext4): destination with the same identifier (name{figure.27}) h
as been already used, duplicate ignored
<argument> ...shipout:D \box_use:N \l_shipout_box 
                                                  \__shipout_drop_firstpage_...
l.254 
      
pdfTeX warning (ext4): destination with the same identifier (name{figure.28}) h
as been already used, duplicate ignored
<argument> ...shipout:D \box_use:N \l_shipout_box 
                                                  \__shipout_drop_firstpage_...
l.254 
       <./guiamodulo/gestion-tecnicos.png (PNG copy)> <./guiamodulo/gestion-tec
nicos-menu.png (PNG copy)> <./guiamodulo/gestion-tecnicos-aviso.png (PNG copy)>
 <./guiamodulo/menu-admin-coordinadores.png (PNG copy)>]
File: guiamodulo/gestion-tecnicos-aviso.png Graphic file (type png)
<use guiamodulo/gestion-tecnicos-aviso.png>
Package pdftex.def Info: guiamodulo/gestion-tecnicos-aviso.png  used on input l
ine 259.
(pdftex.def)             Requested size: 318.66948pt x 42.556pt.
<guiamodulo/menu-admin-distribuidores.png, id=387, 231.11343pt x 71.51718pt>
File: guiamodulo/menu-admin-distribuidores.png Graphic file (type png)
<use guiamodulo/menu-admin-distribuidores.png>
Package pdftex.def Info: guiamodulo/menu-admin-distribuidores.png  used on inpu
t line 273.
(pdftex.def)             Requested size: 136.57462pt x 42.26242pt.
<guiamodulo/gestion-distribuidores.png, id=388, 774.64406pt x 117.43875pt>
File: guiamodulo/gestion-distribuidores.png Graphic file (type png)
<use guiamodulo/gestion-distribuidores.png>
Package pdftex.def Info: guiamodulo/gestion-distribuidores.png  used on input l
ine 281.
(pdftex.def)             Requested size: 318.66948pt x 48.31146pt.
<guiamodulo/gestion-distribuidores-detalle.png, id=389, 565.36218pt x 334.24875
pt>
File: guiamodulo/gestion-distribuidores-detalle.png Graphic file (type png)
<use guiamodulo/gestion-distribuidores-detalle.png>
Package pdftex.def Info: guiamodulo/gestion-distribuidores-detalle.png  used on
 input line 289.
(pdftex.def)             Requested size: 318.66948pt x 188.40207pt.
File: logomanual.png Graphic file (type png)
<use logomanual.png>
Package pdftex.def Info: logomanual.png  used on input line 293.
(pdftex.def)             Requested size: 144.7385pt x 42.67912pt.
 [17
pdfTeX warning (ext4): destination with the same identifier (name{figure.29}) h
as been already used, duplicate ignored
<argument> ...shipout:D \box_use:N \l_shipout_box 
                                                  \__shipout_drop_firstpage_...
l.293 
      
pdfTeX warning (ext4): destination with the same identifier (name{figure.30}) h
as been already used, duplicate ignored
<argument> ...shipout:D \box_use:N \l_shipout_box 
                                                  \__shipout_drop_firstpage_...
l.293 
      
pdfTeX warning (ext4): destination with the same identifier (name{figure.31}) h
as been already used, duplicate ignored
<argument> ...shipout:D \box_use:N \l_shipout_box 
                                                  \__shipout_drop_firstpage_...
l.293 
      
pdfTeX warning (ext4): destination with the same identifier (name{figure.32}) h
as been already used, duplicate ignored
<argument> ...shipout:D \box_use:N \l_shipout_box 
                                                  \__shipout_drop_firstpage_...
l.293 
       <./guiamodulo/gestion-coordinadores.png (PNG copy)> <./guiamodulo/menu-a
dmin-distribuidores.png (PNG copy)> <./guiamodulo/gestion-distribuidores.png (P
NG copy)>]
<guiamodulo/menu-admin-hosting.png, id=400, 219.82124pt x 68.50594pt>
File: guiamodulo/menu-admin-hosting.png Graphic file (type png)
<use guiamodulo/menu-admin-hosting.png>
Package pdftex.def Info: guiamodulo/menu-admin-hosting.png  used on input line 
305.
(pdftex.def)             Requested size: 136.57462pt x 42.56418pt.
<guiamodulo/gestion-hosting.png, id=401, 502.87875pt x 367.3725pt>
File: guiamodulo/gestion-hosting.png Graphic file (type png)
<use guiamodulo/gestion-hosting.png>
Package pdftex.def Info: guiamodulo/gestion-hosting.png  used on input line 314
.
(pdftex.def)             Requested size: 318.66948pt x 232.79684pt.
File: logomanual.png Graphic file (type png)
<use logomanual.png>
Package pdftex.def Info: logomanual.png  used on input line 318.
(pdftex.def)             Requested size: 144.7385pt x 42.67912pt.
 [18
pdfTeX warning (ext4): destination with the same identifier (name{figure.33}) h
as been already used, duplicate ignored
<argument> ...shipout:D \box_use:N \l_shipout_box 
                                                  \__shipout_drop_firstpage_...
l.318 
      
pdfTeX warning (ext4): destination with the same identifier (name{figure.34}) h
as been already used, duplicate ignored
<argument> ...shipout:D \box_use:N \l_shipout_box 
                                                  \__shipout_drop_firstpage_...
l.318 
       <./guiamodulo/gestion-distribuidores-detalle.png (PNG copy)> <./guiamodu
lo/menu-admin-hosting.png (PNG copy)>]
<guiamodulo/gestion-hosting-guardar.png, id=407, 477.28313pt x 348.55219pt>
File: guiamodulo/gestion-hosting-guardar.png Graphic file (type png)
<use guiamodulo/gestion-hosting-guardar.png>
Package pdftex.def Info: guiamodulo/gestion-hosting-guardar.png  used on input 
line 323.
(pdftex.def)             Requested size: 318.66948pt x 232.71501pt.
<guiamodulo/gestion-hosting-aviso.png, id=408, 359.09157pt x 124.96687pt>
File: guiamodulo/gestion-hosting-aviso.png Graphic file (type png)
<use guiamodulo/gestion-hosting-aviso.png>
Package pdftex.def Info: guiamodulo/gestion-hosting-aviso.png  used on input li
ne 332.
(pdftex.def)             Requested size: 182.09486pt x 63.37186pt.
File: logomanual.png Graphic file (type png)
<use logomanual.png>
Package pdftex.def Info: logomanual.png  used on input line 336.
(pdftex.def)             Requested size: 144.7385pt x 42.67912pt.
 [19
pdfTeX warning (ext4): destination with the same identifier (name{figure.35}) h
as been already used, duplicate ignored
<argument> ...shipout:D \box_use:N \l_shipout_box 
                                                  \__shipout_drop_firstpage_...
l.336 
      
pdfTeX warning (ext4): destination with the same identifier (name{figure.36}) h
as been already used, duplicate ignored
<argument> ...shipout:D \box_use:N \l_shipout_box 
                                                  \__shipout_drop_firstpage_...
l.336 
       <./guiamodulo/gestion-hosting.png (PNG copy)> <./guiamodulo/gestion-host
ing-guardar.png (PNG copy)>]
<guiamodulo/gestion-hosting-nuevo.png, id=415, 417.05812pt x 313.9228pt>
File: guiamodulo/gestion-hosting-nuevo.png Graphic file (type png)
<use guiamodulo/gestion-hosting-nuevo.png>
Package pdftex.def Info: guiamodulo/gestion-hosting-nuevo.png  used on input li
ne 344.
(pdftex.def)             Requested size: 318.66948pt x 239.87712pt.
<guiamodulo/gestion-hosting-nuevo-campos.png, id=416, 145.29282pt x 359.84438pt
>
File: guiamodulo/gestion-hosting-nuevo-campos.png Graphic file (type png)
<use guiamodulo/gestion-hosting-nuevo-campos.png>
Package pdftex.def Info: guiamodulo/gestion-hosting-nuevo-campos.png  used on i
nput line 352.
(pdftex.def)             Requested size: 91.04742pt x 225.50067pt.
File: logomanual.png Graphic file (type png)
<use logomanual.png>
Package pdftex.def Info: logomanual.png  used on input line 356.
(pdftex.def)             Requested size: 144.7385pt x 42.67912pt.
 [20
pdfTeX warning (ext4): destination with the same identifier (name{figure.37}) h
as been already used, duplicate ignored
<argument> ...shipout:D \box_use:N \l_shipout_box 
                                                  \__shipout_drop_firstpage_...
l.356 
      
pdfTeX warning (ext4): destination with the same identifier (name{figure.38}) h
as been already used, duplicate ignored
<argument> ...shipout:D \box_use:N \l_shipout_box 
                                                  \__shipout_drop_firstpage_...
l.356 
       <./guiamodulo/gestion-hosting-aviso.png (PNG copy)> <./guiamodulo/gestio
n-hosting-nuevo.png (PNG copy)>]
File: guiamodulo/menu-admin-hosting.png Graphic file (type png)
<use guiamodulo/menu-admin-hosting.png>
Package pdftex.def Info: guiamodulo/menu-admin-hosting.png  used on input line 
367.
(pdftex.def)             Requested size: 136.57462pt x 42.56418pt.
)
File: logomanual.png Graphic file (type png)
<use logomanual.png>
Package pdftex.def Info: logomanual.png  used on input line 123.
(pdftex.def)             Requested size: 144.7385pt x 42.67912pt.
 [21
pdfTeX warning (ext4): destination with the same identifier (name{figure.39}) h
as been already used, duplicate ignored
<argument> ...shipout:D \box_use:N \l_shipout_box 
                                                  \__shipout_drop_firstpage_...
l.123 \newpage
              
pdfTeX warning (ext4): destination with the same identifier (name{figure.40}) h
as been already used, duplicate ignored
<argument> ...shipout:D \box_use:N \l_shipout_box 
                                                  \__shipout_drop_firstpage_...
l.123 \newpage
               <./guiamodulo/gestion-hosting-nuevo-campos.png (PNG copy)>]
(./recomendaciones/recomendaciones.tex)
File: logomanual.png Graphic file (type png)
<use logomanual.png>
Package pdftex.def Info: logomanual.png  used on input line 127.
(pdftex.def)             Requested size: 144.7385pt x 42.67912pt.
 [22] (./glosario/glosario.tex
File: logomanual.png Graphic file (type png)
<use logomanual.png>
Package pdftex.def Info: logomanual.png  used on input line 38.
(pdftex.def)             Requested size: 144.7385pt x 42.67912pt.
 [23]
File: logomanual.png Graphic file (type png)
<use logomanual.png>
Package pdftex.def Info: logomanual.png  used on input line 76.
(pdftex.def)             Requested size: 144.7385pt x 42.67912pt.

[24]
File: logomanual.png Graphic file (type png)
<use logomanual.png>
Package pdftex.def Info: logomanual.png  used on input line 108.
(pdftex.def)             Requested size: 144.7385pt x 42.67912pt.
 [25])
No file manusuempleados.bbl.
File: logomanual.png Graphic file (type png)
<use logomanual.png>
Package pdftex.def Info: logomanual.png  used on input line 134.
(pdftex.def)             Requested size: 144.7385pt x 42.67912pt.
[26] 
enddocument/afterlastpage: lastpage setting LastPage.
(./manusuempleados.aux)
 ***********
LaTeX2e <2023-11-01> patch level 1
L3 programming layer <2024-01-22>
 ***********


LaTeX Warning: There were multiply-defined labels.

Package rerunfilecheck Info: File `manusuempleados.out' has not changed.
(rerunfilecheck)             Checksum: 3E1686F1358055D4B880A80BA1038290;4471.
 ) 
Here is how much of TeX's memory you used:
 36920 strings out of 476106
 857777 string characters out of 5793934
 1941975 words of memory out of 5000000
 58217 multiletter control sequences out of 15000+600000
 567944 words of font info for 74 fonts, out of 8000000 for 9000
 59 hyphenation exceptions out of 8191
 94i,16n,94p,730b,667s stack positions out of 10000i,1000n,20000p,200000b,200000s
 </usr/share/texlive/texmf-dist/fonts/pk/ljfour/jknappen/ec/tcrm1200.600pk></
usr/share/texlive/texmf-dist/fonts/type1/public/amsfonts/cm/cmbx12.pfb></usr/sh
are/texlive/texmf-dist/fonts/type1/public/amsfonts/cm/cmr12.pfb></usr/share/tex
live/texmf-dist/fonts/type1/public/amsfonts/cm/cmr17.pfb></usr/share/texlive/te
xmf-dist/fonts/type1/public/amsfonts/cm/cmtt12.pfb>
Output written on manusuempleados.pdf (28 pages, 4911732 bytes).
PDF statistics:
 506 PDF objects out of 1000 (max. 8388607)
 419 compressed objects within 5 object streams
 144 named destinations out of 1000 (max. 500000)
 450 words of extra memory for PDF output out of 10000 (max. 10000000)

